#
# There is insufficient memory for the Java Runtime Environment to continue.
# Native memory allocation (mmap) failed to map 65536 bytes for Failed to commit metaspace.
# Possible reasons:
#   The system is out of physical RAM or swap space
#   The process is running with CompressedOops enabled, and the Java Heap may be blocking the growth of the native heap
# Possible solutions:
#   Reduce memory load on the system
#   Increase physical memory or swap space
#   Check if swap backing store is full
#   Decrease Java heap size (-Xmx/-Xms)
#   Decrease number of Java threads
#   Decrease Java thread stack sizes (-Xss)
#   Set larger code cache with -XX:ReservedCodeCacheSize=
#   JVM is running with Zero Based Compressed Oops mode in which the Java heap is
#     placed in the first 32GB address space. The Java Heap base address is the
#     maximum limit for the native heap growth. Please use -XX:HeapBaseMinAddress
#     to set the Java Heap base and to place the Java Heap above 32GB virtual address.
# This output file may be truncated or incomplete.
#
#  Out of Memory Error (virtualSpaceNode.cpp:112), pid=6012, tid=20176
#
# JRE version: OpenJDK Runtime Environment (21.0+35) (build 21+35-2513)
# Java VM: OpenJDK 64-Bit Server VM (21+35-2513, mixed mode, emulated-client, sharing, tiered, compressed oops, compressed class ptrs, g1 gc, windows-amd64)
# No core dump will be written. Minidumps are not enabled by default on client versions of Windows
#

---------------  S U M M A R Y ------------

Command Line: -Dcom.sun.management.jmxremote -Dcom.sun.management.jmxremote.port=53920 -Dcom.sun.management.jmxremote.authenticate=false -Dcom.sun.management.jmxremote.ssl=false -Djava.rmi.server.hostname=localhost -Dspring.jmx.enabled=true -Dmanagement.endpoints.jmx.exposure.include=* -Dspring.application.admin.enabled=true -Dspring.output.ansi.enabled=always -XX:TieredStopAtLevel=1 -Dspring.boot.project.name=packtory_de -Dfile.encoding=UTF-8 -Dstdout.encoding=UTF-8 -Dstderr.encoding=UTF-8 -XX:+ShowCodeDetailsInExceptionMessages kr.co.itwillbs.de.PacktoryDeApplication

Host: 11th Gen Intel(R) Core(TM) i7-11700 @ 2.50GHz, 16 cores, 15G,  Windows 11 , 64 bit Build 26100 (10.0.26100.3323)
Time: Mon Mar 24 12:45:08 2025  Windows 11 , 64 bit Build 26100 (10.0.26100.3323) elapsed time: 6.044260 seconds (0d 0h 0m 6s)

---------------  T H R E A D  ---------------

Current thread (0x0000029877d13800):  JavaThread "restartedMain"        [_thread_in_vm, id=20176, stack(0x000000bd3a200000,0x000000bd3a300000) (1024K)]

Stack: [0x000000bd3a200000,0x000000bd3a300000]
Native frames: (J=compiled Java code, j=interpreted, Vv=VM code, C=native code)
V  [jvm.dll+0x6c8d39]
V  [jvm.dll+0x854091]
V  [jvm.dll+0x85630e]
V  [jvm.dll+0x8569e3]
V  [jvm.dll+0x2809a6]
V  [jvm.dll+0x84fdce]
V  [jvm.dll+0x66c755]
V  [jvm.dll+0x1e666c]
V  [jvm.dll+0x1e643e]
V  [jvm.dll+0x66f06c]
V  [jvm.dll+0x66ee82]
V  [jvm.dll+0x66d12e]
V  [jvm.dll+0x27d8c6]
V  [jvm.dll+0x71e295]
V  [jvm.dll+0x71eddf]
V  [jvm.dll+0x3c272f]
V  [jvm.dll+0x3c17d7]
V  [jvm.dll+0x3c1778]
V  [jvm.dll+0x5d3259]
V  [jvm.dll+0x5d215c]
V  [jvm.dll+0x3d7110]
V  [jvm.dll+0x3d678d]
C  0x0000029866dd8d80

The last pc belongs to invokestatic (printed below).
Java frames: (J=compiled Java code, j=interpreted, Vv=VM code)
j  org.springframework.boot.context.config.ConfigDataEnvironment.<init>(Lorg/springframework/boot/logging/DeferredLogFactory;Lorg/springframework/boot/ConfigurableBootstrapContext;Lorg/springframework/core/env/ConfigurableEnvironment;Lorg/springframework/core/io/ResourceLoader;Ljava/util/Collection;Lorg/springframework/boot/context/config/ConfigDataEnvironmentUpdateListener;)V+5
j  org.springframework.boot.context.config.ConfigDataEnvironmentPostProcessor.getConfigDataEnvironment(Lorg/springframework/core/env/ConfigurableEnvironment;Lorg/springframework/core/io/ResourceLoader;Ljava/util/Collection;)Lorg/springframework/boot/context/config/ConfigDataEnvironment;+19
j  org.springframework.boot.context.config.ConfigDataEnvironmentPostProcessor.postProcessEnvironment(Lorg/springframework/core/env/ConfigurableEnvironment;Lorg/springframework/core/io/ResourceLoader;Ljava/util/Collection;)V+31
j  org.springframework.boot.context.config.ConfigDataEnvironmentPostProcessor.postProcessEnvironment(Lorg/springframework/core/env/ConfigurableEnvironment;Lorg/springframework/boot/SpringApplication;)V+10
j  org.springframework.boot.env.EnvironmentPostProcessorApplicationListener.onApplicationEnvironmentPreparedEvent(Lorg/springframework/boot/context/event/ApplicationEnvironmentPreparedEvent;)V+66
j  org.springframework.boot.env.EnvironmentPostProcessorApplicationListener.onApplicationEvent(Lorg/springframework/context/ApplicationEvent;)V+14
j  org.springframework.context.event.SimpleApplicationEventMulticaster.doInvokeListener(Lorg/springframework/context/ApplicationListener;Lorg/springframework/context/ApplicationEvent;)V+2
j  org.springframework.context.event.SimpleApplicationEventMulticaster.invokeListener(Lorg/springframework/context/ApplicationListener;Lorg/springframework/context/ApplicationEvent;)V+34
j  org.springframework.context.event.SimpleApplicationEventMulticaster.multicastEvent(Lorg/springframework/context/ApplicationEvent;Lorg/springframework/core/ResolvableType;)V+104
j  org.springframework.context.event.SimpleApplicationEventMulticaster.multicastEvent(Lorg/springframework/context/ApplicationEvent;)V+3
j  org.springframework.boot.context.event.EventPublishingRunListener.multicastInitialEvent(Lorg/springframework/context/ApplicationEvent;)V+9
j  org.springframework.boot.context.event.EventPublishingRunListener.environmentPrepared(Lorg/springframework/boot/ConfigurableBootstrapContext;Lorg/springframework/core/env/ConfigurableEnvironment;)V+18
j  org.springframework.boot.SpringApplicationRunListeners.lambda$environmentPrepared$2(Lorg/springframework/boot/ConfigurableBootstrapContext;Lorg/springframework/core/env/ConfigurableEnvironment;Lorg/springframework/boot/SpringApplicationRunListener;)V+3
j  org.springframework.boot.SpringApplicationRunListeners$$Lambda+0x000002980113f7e8.accept(Ljava/lang/Object;)V+12
j  java.lang.Iterable.forEach(Ljava/util/function/Consumer;)V+30 java.base@21
j  org.springframework.boot.SpringApplicationRunListeners.doWithListeners(Ljava/lang/String;Ljava/util/function/Consumer;Ljava/util/function/Consumer;)V+17
j  org.springframework.boot.SpringApplicationRunListeners.doWithListeners(Ljava/lang/String;Ljava/util/function/Consumer;)V+4
j  org.springframework.boot.SpringApplicationRunListeners.environmentPrepared(Lorg/springframework/boot/ConfigurableBootstrapContext;Lorg/springframework/core/env/ConfigurableEnvironment;)V+10
j  org.springframework.boot.SpringApplication.prepareEnvironment(Lorg/springframework/boot/SpringApplicationRunListeners;Lorg/springframework/boot/DefaultBootstrapContext;Lorg/springframework/boot/ApplicationArguments;)Lorg/springframework/core/env/ConfigurableEnvironment;+27
j  org.springframework.boot.SpringApplication.run([Ljava/lang/String;)Lorg/springframework/context/ConfigurableApplicationContext;+65
j  org.springframework.boot.SpringApplication.run([Ljava/lang/Class;[Ljava/lang/String;)Lorg/springframework/context/ConfigurableApplicationContext;+9
j  org.springframework.boot.SpringApplication.run(Ljava/lang/Class;[Ljava/lang/String;)Lorg/springframework/context/ConfigurableApplicationContext;+9
j  kr.co.itwillbs.de.PacktoryDeApplication.main([Ljava/lang/String;)V+3
j  java.lang.invoke.LambdaForm$DMH+0x0000029801001000.invokeStatic(Ljava/lang/Object;Ljava/lang/Object;)V+10 java.base@21
j  java.lang.invoke.LambdaForm$MH+0x000002980111d000.invoke(Ljava/lang/Object;Ljava/lang/Object;Ljava/lang/Object;)Ljava/lang/Object;+33 java.base@21
j  java.lang.invoke.Invokers$Holder.invokeExact_MT(Ljava/lang/Object;Ljava/lang/Object;Ljava/lang/Object;Ljava/lang/Object;)Ljava/lang/Object;+20 java.base@21
j  jdk.internal.reflect.DirectMethodHandleAccessor.invokeImpl(Ljava/lang/Object;[Ljava/lang/Object;)Ljava/lang/Object;+55 java.base@21
j  jdk.internal.reflect.DirectMethodHandleAccessor.invoke(Ljava/lang/Object;[Ljava/lang/Object;)Ljava/lang/Object;+23 java.base@21
j  java.lang.reflect.Method.invoke(Ljava/lang/Object;[Ljava/lang/Object;)Ljava/lang/Object;+102 java.base@21
j  org.springframework.boot.devtools.restart.RestartLauncher.run()V+47
v  ~StubRoutines::call_stub 0x0000029866dc10e7
invokestatic  184 invokestatic  [0x0000029866dd8ce0, 0x0000029866dd8e40]  352 bytes
[MachCode]
  0x0000029866dd8ce0: 4883 ec08 | c5fa 1104 | 24eb 1f48 | 83ec 10c5 | fb11 0424 | eb14 4883 | ec10 4889 | 0424 48c7 
  0x0000029866dd8d00: 4424 0800 | 0000 00eb | 0150 4c89 | 6dc0 410f | b755 0148 | 8b4d d0c1 | e202 8b5c | d138 c1eb 
  0x0000029866dd8d20: 1081 e3ff | 0000 0081 | fbb8 0000 | 000f 84b4 | 0000 00bb | b800 0000 | e805 0000 | 00e9 9900 
  0x0000029866dd8d40: 0000 488b | d348 8d44 | 2408 4c89 | 6dc0 498b | cfc5 f877 | 4989 afa8 | 0300 0049 | 8987 9803 
  0x0000029866dd8d60: 0000 4883 | ec20 40f6 | c40f 0f84 | 1900 0000 | 4883 ec08 | 48b8 2067 | 35a7 fb7f | 0000 ffd0 
  0x0000029866dd8d80: 4883 c408 | e90c 0000 | 0048 b820 | 6735 a7fb | 7f00 00ff | d048 83c4 | 2049 c787 | 9803 0000 
  0x0000029866dd8da0: 0000 0000 | 49c7 87a8 | 0300 0000 | 0000 0049 | c787 a003 | 0000 0000 | 0000 c5f8 | 7749 837f 
  0x0000029866dd8dc0: 0800 0f84 | 0500 0000 | e933 81fe | ff4c 8b6d | c04c 8b75 | c84e 8d74 | f500 c341 | 0fb7 5501 
  0x0000029866dd8de0: 488b 4dd0 | c1e2 0248 | 8b5c d140 | 488b 5b08 | 488b 5b08 | 488b 5b18 | 80bb 2001 | 0000 050f 
  0x0000029866dd8e00: 840d 0000 | 004c 3bbb | 3001 0000 | 0f85 21ff | ffff 488b | 5cd1 408b | 54d1 50c1 | ea1c 49ba 
  0x0000029866dd8e20: d07d bca7 | fb7f 0000 | 498b 14d2 | 524c 8d6c | 2408 4c89 | 6df0 ff63 | 500f 1f80 | 0000 0000 
[/MachCode]

---------------  P R O C E S S  ---------------

Threads class SMR info:
_java_thread_list=0x0000029877cdd5e0, length=21, elements={
0x000002985e9218f0, 0x000002987287fc40, 0x0000029872881210, 0x0000029872889390,
0x0000029872889df0, 0x000002987288b4f0, 0x00000298728900f0, 0x000002987289b810,
0x0000029872c617f0, 0x0000029872c63e70, 0x0000029872c66530, 0x0000029872cef7b0,
0x0000029877420d40, 0x000002987741c8b0, 0x0000029877453730, 0x00000298775600d0,
0x0000029877570130, 0x00000298775707a0, 0x000002987758e7d0, 0x0000029877d12ae0,
0x0000029877d13800
}

Java Threads: ( => current thread )
  0x000002985e9218f0 JavaThread "main"                              [_thread_blocked, id=4036, stack(0x000000bd38000000,0x000000bd38100000) (1024K)]
  0x000002987287fc40 JavaThread "Reference Handler"          daemon [_thread_blocked, id=16248, stack(0x000000bd38800000,0x000000bd38900000) (1024K)]
  0x0000029872881210 JavaThread "Finalizer"                  daemon [_thread_blocked, id=2616, stack(0x000000bd38900000,0x000000bd38a00000) (1024K)]
  0x0000029872889390 JavaThread "Signal Dispatcher"          daemon [_thread_blocked, id=3532, stack(0x000000bd38a00000,0x000000bd38b00000) (1024K)]
  0x0000029872889df0 JavaThread "Attach Listener"            daemon [_thread_blocked, id=5356, stack(0x000000bd38b00000,0x000000bd38c00000) (1024K)]
  0x000002987288b4f0 JavaThread "Service Thread"             daemon [_thread_blocked, id=13392, stack(0x000000bd38c00000,0x000000bd38d00000) (1024K)]
  0x00000298728900f0 JavaThread "Monitor Deflation Thread"   daemon [_thread_blocked, id=15064, stack(0x000000bd38d00000,0x000000bd38e00000) (1024K)]
  0x000002987289b810 JavaThread "C1 CompilerThread0"         daemon [_thread_blocked, id=5452, stack(0x000000bd38e00000,0x000000bd38f00000) (1024K)]
  0x0000029872c617f0 JavaThread "Common-Cleaner"             daemon [_thread_blocked, id=6480, stack(0x000000bd38f00000,0x000000bd39000000) (1024K)]
  0x0000029872c63e70 JavaThread "C1 CompilerThread1"         daemon [_thread_blocked, id=15808, stack(0x000000bd39000000,0x000000bd39100000) (1024K)]
  0x0000029872c66530 JavaThread "C1 CompilerThread2"         daemon [_thread_blocked, id=16788, stack(0x000000bd39100000,0x000000bd39200000) (1024K)]
  0x0000029872cef7b0 JavaThread "Notification Thread"        daemon [_thread_blocked, id=12192, stack(0x000000bd39300000,0x000000bd39400000) (1024K)]
  0x0000029877420d40 JavaThread "RMI TCP Accept-0"           daemon [_thread_in_native, id=16508, stack(0x000000bd39400000,0x000000bd39500000) (1024K)]
  0x000002987741c8b0 JavaThread "RMI TCP Accept-53920"       daemon [_thread_in_native, id=16652, stack(0x000000bd39500000,0x000000bd39600000) (1024K)]
  0x0000029877453730 JavaThread "RMI TCP Accept-0"           daemon [_thread_in_native, id=15104, stack(0x000000bd39600000,0x000000bd39700000) (1024K)]
  0x00000298775600d0 JavaThread "RMI TCP Connection(1)-127.0.0.1" daemon [_thread_in_native, id=12344, stack(0x000000bd39e00000,0x000000bd39f00000) (1024K)]
  0x0000029877570130 JavaThread "RMI Scheduler(0)"           daemon [_thread_blocked, id=5012, stack(0x000000bd39200000,0x000000bd39300000) (1024K)]
  0x00000298775707a0 JavaThread "RMI TCP Connection(2)-127.0.0.1" daemon [_thread_blocked, id=9260, stack(0x000000bd39f00000,0x000000bd3a000000) (1024K)]
  0x000002987758e7d0 JavaThread "JMX server connection timeout 43" daemon [_thread_blocked, id=8896, stack(0x000000bd3a000000,0x000000bd3a100000) (1024K)]
  0x0000029877d12ae0 JavaThread "Thread-0"                          [_thread_blocked, id=2244, stack(0x000000bd3a100000,0x000000bd3a200000) (1024K)]
=>0x0000029877d13800 JavaThread "restartedMain"                     [_thread_in_vm, id=20176, stack(0x000000bd3a200000,0x000000bd3a300000) (1024K)]
Total: 21

Other Threads:
  0x000002987285ccc0 VMThread "VM Thread"                           [id=13744, stack(0x000000bd38700000,0x000000bd38800000) (1024K)] _threads_hazard_ptr=0x0000029877cdd5e0
  0x0000029872849990 WatcherThread "VM Periodic Task Thread"        [id=17124, stack(0x000000bd38600000,0x000000bd38700000) (1024K)]
  0x000002985e989710 WorkerThread "GC Thread#0"                     [id=3036, stack(0x000000bd38100000,0x000000bd38200000) (1024K)]
  0x0000029877489f30 WorkerThread "GC Thread#1"                     [id=10564, stack(0x000000bd39700000,0x000000bd39800000) (1024K)]
  0x000002987748a2d0 WorkerThread "GC Thread#2"                     [id=3308, stack(0x000000bd39800000,0x000000bd39900000) (1024K)]
  0x000002987748a670 WorkerThread "GC Thread#3"                     [id=16756, stack(0x000000bd39900000,0x000000bd39a00000) (1024K)]
  0x000002987748aa10 WorkerThread "GC Thread#4"                     [id=2592, stack(0x000000bd39a00000,0x000000bd39b00000) (1024K)]
  0x000002987748adb0 WorkerThread "GC Thread#5"                     [id=12764, stack(0x000000bd39b00000,0x000000bd39c00000) (1024K)]
  0x0000029877508f10 WorkerThread "GC Thread#6"                     [id=6260, stack(0x000000bd39c00000,0x000000bd39d00000) (1024K)]
  0x00000298775092b0 WorkerThread "GC Thread#7"                     [id=11680, stack(0x000000bd39d00000,0x000000bd39e00000) (1024K)]
  0x000002985e99a8d0 ConcurrentGCThread "G1 Main Marker"            [id=6032, stack(0x000000bd38200000,0x000000bd38300000) (1024K)]
  0x000002985e99b2e0 WorkerThread "G1 Conc#0"                       [id=3184, stack(0x000000bd38300000,0x000000bd38400000) (1024K)]
  0x0000029872717550 ConcurrentGCThread "G1 Refine#0"               [id=9680, stack(0x000000bd38400000,0x000000bd38500000) (1024K)]
  0x0000029872718e80 ConcurrentGCThread "G1 Service"                [id=2352, stack(0x000000bd38500000,0x000000bd38600000) (1024K)]
Total: 14

Threads with active compile tasks:
Total: 0

VM state: synchronizing (normal execution)

VM Mutex/Monitor currently owned by a thread:  ([mutex/lock_event])
[0x00007ffba7bb64c8] Metaspace_lock - owner thread: 0x0000029877d13800
[0x00007ffba7bb8548] Threads_lock - owner thread: 0x000002987285ccc0

Heap address: 0x0000000705400000, size: 4012 MB, Compressed Oops mode: Zero based, Oop shift amount: 3

CDS archive(s) mapped at: [0x0000029800000000-0x0000029800c90000-0x0000029800c90000), size 13172736, SharedBaseAddress: 0x0000029800000000, ArchiveRelocationMode: 1.
Compressed class space mapped at: 0x0000029801000000-0x0000029841000000, reserved size: 1073741824
Narrow klass base: 0x0000029800000000, Narrow klass shift: 0, Narrow klass range: 0x100000000

GC Precious Log:
 CardTable entry size: 512
 Card Set container configuration: InlinePtr #cards 4 size 8 Array Of Cards #cards 16 size 48 Howl #buckets 8 coarsen threshold 3686 Howl Bitmap #cards 512 size 80 coarsen threshold 460 Card regions per heap region 1 cards per card region 4096
 CPUs: 16 total, 16 available
 Memory: 16043M
 Large Page Support: Disabled
 NUMA Support: Disabled
 Compressed Oops: Enabled (Zero based)
 Heap Region Size: 2M
 Heap Min Capacity: 8M
 Heap Initial Capacity: 252M
 Heap Max Capacity: 4012M
 Pre-touch: Disabled
 Parallel Workers: 13
 Concurrent Workers: 3
 Concurrent Refinement Workers: 13
 Periodic GC: Disabled

Heap:
 garbage-first heap   total 258048K, used 27078K [0x0000000705400000, 0x0000000800000000)
  region size 2048K, 13 young (26624K), 2 survivors (4096K)
 Metaspace       used 10130K, committed 10368K, reserved 1114112K
  class space    used 1302K, committed 1408K, reserved 1048576K

Heap Regions: E=young(eden), S=young(survivor), O=old, HS=humongous(starts), HC=humongous(continues), CS=collection set, F=free, TAMS=top-at-mark-start, PB=parsable bottom
|   0|0x0000000705400000, 0x0000000705600000, 0x0000000705600000|100%| O|  |TAMS 0x0000000705400000| PB 0x0000000705400000| Untracked 
|   1|0x0000000705600000, 0x0000000705800000, 0x0000000705800000|100%| O|  |TAMS 0x0000000705600000| PB 0x0000000705600000| Untracked 
|   2|0x0000000705800000, 0x0000000705871af0, 0x0000000705a00000| 22%| O|  |TAMS 0x0000000705800000| PB 0x0000000705800000| Untracked 
|   3|0x0000000705a00000, 0x0000000705a00000, 0x0000000705c00000|  0%| F|  |TAMS 0x0000000705a00000| PB 0x0000000705a00000| Untracked 
|   4|0x0000000705c00000, 0x0000000705c00000, 0x0000000705e00000|  0%| F|  |TAMS 0x0000000705c00000| PB 0x0000000705c00000| Untracked 
|   5|0x0000000705e00000, 0x0000000705e00000, 0x0000000706000000|  0%| F|  |TAMS 0x0000000705e00000| PB 0x0000000705e00000| Untracked 
|   6|0x0000000706000000, 0x0000000706000000, 0x0000000706200000|  0%| F|  |TAMS 0x0000000706000000| PB 0x0000000706000000| Untracked 
|   7|0x0000000706200000, 0x0000000706200000, 0x0000000706400000|  0%| F|  |TAMS 0x0000000706200000| PB 0x0000000706200000| Untracked 
|   8|0x0000000706400000, 0x0000000706400000, 0x0000000706600000|  0%| F|  |TAMS 0x0000000706400000| PB 0x0000000706400000| Untracked 
|   9|0x0000000706600000, 0x0000000706600000, 0x0000000706800000|  0%| F|  |TAMS 0x0000000706600000| PB 0x0000000706600000| Untracked 
|  10|0x0000000706800000, 0x0000000706800000, 0x0000000706a00000|  0%| F|  |TAMS 0x0000000706800000| PB 0x0000000706800000| Untracked 
|  11|0x0000000706a00000, 0x0000000706a00000, 0x0000000706c00000|  0%| F|  |TAMS 0x0000000706a00000| PB 0x0000000706a00000| Untracked 
|  12|0x0000000706c00000, 0x0000000706c00000, 0x0000000706e00000|  0%| F|  |TAMS 0x0000000706c00000| PB 0x0000000706c00000| Untracked 
|  13|0x0000000706e00000, 0x0000000706e00000, 0x0000000707000000|  0%| F|  |TAMS 0x0000000706e00000| PB 0x0000000706e00000| Untracked 
|  14|0x0000000707000000, 0x0000000707000000, 0x0000000707200000|  0%| F|  |TAMS 0x0000000707000000| PB 0x0000000707000000| Untracked 
|  15|0x0000000707200000, 0x0000000707200000, 0x0000000707400000|  0%| F|  |TAMS 0x0000000707200000| PB 0x0000000707200000| Untracked 
|  16|0x0000000707400000, 0x0000000707400000, 0x0000000707600000|  0%| F|  |TAMS 0x0000000707400000| PB 0x0000000707400000| Untracked 
|  17|0x0000000707600000, 0x0000000707600000, 0x0000000707800000|  0%| F|  |TAMS 0x0000000707600000| PB 0x0000000707600000| Untracked 
|  18|0x0000000707800000, 0x0000000707800000, 0x0000000707a00000|  0%| F|  |TAMS 0x0000000707800000| PB 0x0000000707800000| Untracked 
|  19|0x0000000707a00000, 0x0000000707a00000, 0x0000000707c00000|  0%| F|  |TAMS 0x0000000707a00000| PB 0x0000000707a00000| Untracked 
|  20|0x0000000707c00000, 0x0000000707c00000, 0x0000000707e00000|  0%| F|  |TAMS 0x0000000707c00000| PB 0x0000000707c00000| Untracked 
|  21|0x0000000707e00000, 0x0000000707e00000, 0x0000000708000000|  0%| F|  |TAMS 0x0000000707e00000| PB 0x0000000707e00000| Untracked 
|  22|0x0000000708000000, 0x0000000708000000, 0x0000000708200000|  0%| F|  |TAMS 0x0000000708000000| PB 0x0000000708000000| Untracked 
|  23|0x0000000708200000, 0x0000000708200000, 0x0000000708400000|  0%| F|  |TAMS 0x0000000708200000| PB 0x0000000708200000| Untracked 
|  24|0x0000000708400000, 0x0000000708400000, 0x0000000708600000|  0%| F|  |TAMS 0x0000000708400000| PB 0x0000000708400000| Untracked 
|  25|0x0000000708600000, 0x0000000708600000, 0x0000000708800000|  0%| F|  |TAMS 0x0000000708600000| PB 0x0000000708600000| Untracked 
|  26|0x0000000708800000, 0x0000000708800000, 0x0000000708a00000|  0%| F|  |TAMS 0x0000000708800000| PB 0x0000000708800000| Untracked 
|  27|0x0000000708a00000, 0x0000000708a00000, 0x0000000708c00000|  0%| F|  |TAMS 0x0000000708a00000| PB 0x0000000708a00000| Untracked 
|  28|0x0000000708c00000, 0x0000000708c00000, 0x0000000708e00000|  0%| F|  |TAMS 0x0000000708c00000| PB 0x0000000708c00000| Untracked 
|  29|0x0000000708e00000, 0x0000000708e00000, 0x0000000709000000|  0%| F|  |TAMS 0x0000000708e00000| PB 0x0000000708e00000| Untracked 
|  30|0x0000000709000000, 0x0000000709000000, 0x0000000709200000|  0%| F|  |TAMS 0x0000000709000000| PB 0x0000000709000000| Untracked 
|  31|0x0000000709200000, 0x0000000709200000, 0x0000000709400000|  0%| F|  |TAMS 0x0000000709200000| PB 0x0000000709200000| Untracked 
|  32|0x0000000709400000, 0x0000000709400000, 0x0000000709600000|  0%| F|  |TAMS 0x0000000709400000| PB 0x0000000709400000| Untracked 
|  33|0x0000000709600000, 0x0000000709600000, 0x0000000709800000|  0%| F|  |TAMS 0x0000000709600000| PB 0x0000000709600000| Untracked 
|  34|0x0000000709800000, 0x0000000709800000, 0x0000000709a00000|  0%| F|  |TAMS 0x0000000709800000| PB 0x0000000709800000| Untracked 
|  35|0x0000000709a00000, 0x0000000709a00000, 0x0000000709c00000|  0%| F|  |TAMS 0x0000000709a00000| PB 0x0000000709a00000| Untracked 
|  36|0x0000000709c00000, 0x0000000709c00000, 0x0000000709e00000|  0%| F|  |TAMS 0x0000000709c00000| PB 0x0000000709c00000| Untracked 
|  37|0x0000000709e00000, 0x0000000709e00000, 0x000000070a000000|  0%| F|  |TAMS 0x0000000709e00000| PB 0x0000000709e00000| Untracked 
|  38|0x000000070a000000, 0x000000070a000000, 0x000000070a200000|  0%| F|  |TAMS 0x000000070a000000| PB 0x000000070a000000| Untracked 
|  39|0x000000070a200000, 0x000000070a200000, 0x000000070a400000|  0%| F|  |TAMS 0x000000070a200000| PB 0x000000070a200000| Untracked 
|  40|0x000000070a400000, 0x000000070a400000, 0x000000070a600000|  0%| F|  |TAMS 0x000000070a400000| PB 0x000000070a400000| Untracked 
|  41|0x000000070a600000, 0x000000070a600000, 0x000000070a800000|  0%| F|  |TAMS 0x000000070a600000| PB 0x000000070a600000| Untracked 
|  42|0x000000070a800000, 0x000000070a800000, 0x000000070aa00000|  0%| F|  |TAMS 0x000000070a800000| PB 0x000000070a800000| Untracked 
|  43|0x000000070aa00000, 0x000000070aa00000, 0x000000070ac00000|  0%| F|  |TAMS 0x000000070aa00000| PB 0x000000070aa00000| Untracked 
|  44|0x000000070ac00000, 0x000000070ac00000, 0x000000070ae00000|  0%| F|  |TAMS 0x000000070ac00000| PB 0x000000070ac00000| Untracked 
|  45|0x000000070ae00000, 0x000000070ae00000, 0x000000070b000000|  0%| F|  |TAMS 0x000000070ae00000| PB 0x000000070ae00000| Untracked 
|  46|0x000000070b000000, 0x000000070b000000, 0x000000070b200000|  0%| F|  |TAMS 0x000000070b000000| PB 0x000000070b000000| Untracked 
|  47|0x000000070b200000, 0x000000070b200000, 0x000000070b400000|  0%| F|  |TAMS 0x000000070b200000| PB 0x000000070b200000| Untracked 
|  48|0x000000070b400000, 0x000000070b400000, 0x000000070b600000|  0%| F|  |TAMS 0x000000070b400000| PB 0x000000070b400000| Untracked 
|  49|0x000000070b600000, 0x000000070b600000, 0x000000070b800000|  0%| F|  |TAMS 0x000000070b600000| PB 0x000000070b600000| Untracked 
|  50|0x000000070b800000, 0x000000070b800000, 0x000000070ba00000|  0%| F|  |TAMS 0x000000070b800000| PB 0x000000070b800000| Untracked 
|  51|0x000000070ba00000, 0x000000070ba00000, 0x000000070bc00000|  0%| F|  |TAMS 0x000000070ba00000| PB 0x000000070ba00000| Untracked 
|  52|0x000000070bc00000, 0x000000070bc00000, 0x000000070be00000|  0%| F|  |TAMS 0x000000070bc00000| PB 0x000000070bc00000| Untracked 
|  53|0x000000070be00000, 0x000000070be00000, 0x000000070c000000|  0%| F|  |TAMS 0x000000070be00000| PB 0x000000070be00000| Untracked 
|  54|0x000000070c000000, 0x000000070c000000, 0x000000070c200000|  0%| F|  |TAMS 0x000000070c000000| PB 0x000000070c000000| Untracked 
|  55|0x000000070c200000, 0x000000070c200000, 0x000000070c400000|  0%| F|  |TAMS 0x000000070c200000| PB 0x000000070c200000| Untracked 
|  56|0x000000070c400000, 0x000000070c400000, 0x000000070c600000|  0%| F|  |TAMS 0x000000070c400000| PB 0x000000070c400000| Untracked 
|  57|0x000000070c600000, 0x000000070c600000, 0x000000070c800000|  0%| F|  |TAMS 0x000000070c600000| PB 0x000000070c600000| Untracked 
|  58|0x000000070c800000, 0x000000070c800000, 0x000000070ca00000|  0%| F|  |TAMS 0x000000070c800000| PB 0x000000070c800000| Untracked 
|  59|0x000000070ca00000, 0x000000070ca00000, 0x000000070cc00000|  0%| F|  |TAMS 0x000000070ca00000| PB 0x000000070ca00000| Untracked 
|  60|0x000000070cc00000, 0x000000070cc00000, 0x000000070ce00000|  0%| F|  |TAMS 0x000000070cc00000| PB 0x000000070cc00000| Untracked 
|  61|0x000000070ce00000, 0x000000070ce00000, 0x000000070d000000|  0%| F|  |TAMS 0x000000070ce00000| PB 0x000000070ce00000| Untracked 
|  62|0x000000070d000000, 0x000000070d000000, 0x000000070d200000|  0%| F|  |TAMS 0x000000070d000000| PB 0x000000070d000000| Untracked 
|  63|0x000000070d200000, 0x000000070d200000, 0x000000070d400000|  0%| F|  |TAMS 0x000000070d200000| PB 0x000000070d200000| Untracked 
|  64|0x000000070d400000, 0x000000070d400000, 0x000000070d600000|  0%| F|  |TAMS 0x000000070d400000| PB 0x000000070d400000| Untracked 
|  65|0x000000070d600000, 0x000000070d600000, 0x000000070d800000|  0%| F|  |TAMS 0x000000070d600000| PB 0x000000070d600000| Untracked 
|  66|0x000000070d800000, 0x000000070d800000, 0x000000070da00000|  0%| F|  |TAMS 0x000000070d800000| PB 0x000000070d800000| Untracked 
|  67|0x000000070da00000, 0x000000070da00000, 0x000000070dc00000|  0%| F|  |TAMS 0x000000070da00000| PB 0x000000070da00000| Untracked 
|  68|0x000000070dc00000, 0x000000070dc00000, 0x000000070de00000|  0%| F|  |TAMS 0x000000070dc00000| PB 0x000000070dc00000| Untracked 
|  69|0x000000070de00000, 0x000000070de00000, 0x000000070e000000|  0%| F|  |TAMS 0x000000070de00000| PB 0x000000070de00000| Untracked 
|  70|0x000000070e000000, 0x000000070e000000, 0x000000070e200000|  0%| F|  |TAMS 0x000000070e000000| PB 0x000000070e000000| Untracked 
|  71|0x000000070e200000, 0x000000070e200000, 0x000000070e400000|  0%| F|  |TAMS 0x000000070e200000| PB 0x000000070e200000| Untracked 
|  72|0x000000070e400000, 0x000000070e400000, 0x000000070e600000|  0%| F|  |TAMS 0x000000070e400000| PB 0x000000070e400000| Untracked 
|  73|0x000000070e600000, 0x000000070e600000, 0x000000070e800000|  0%| F|  |TAMS 0x000000070e600000| PB 0x000000070e600000| Untracked 
|  74|0x000000070e800000, 0x000000070e800000, 0x000000070ea00000|  0%| F|  |TAMS 0x000000070e800000| PB 0x000000070e800000| Untracked 
|  75|0x000000070ea00000, 0x000000070ea00000, 0x000000070ec00000|  0%| F|  |TAMS 0x000000070ea00000| PB 0x000000070ea00000| Untracked 
|  76|0x000000070ec00000, 0x000000070ec00000, 0x000000070ee00000|  0%| F|  |TAMS 0x000000070ec00000| PB 0x000000070ec00000| Untracked 
|  77|0x000000070ee00000, 0x000000070ee00000, 0x000000070f000000|  0%| F|  |TAMS 0x000000070ee00000| PB 0x000000070ee00000| Untracked 
|  78|0x000000070f000000, 0x000000070f000000, 0x000000070f200000|  0%| F|  |TAMS 0x000000070f000000| PB 0x000000070f000000| Untracked 
|  79|0x000000070f200000, 0x000000070f200000, 0x000000070f400000|  0%| F|  |TAMS 0x000000070f200000| PB 0x000000070f200000| Untracked 
|  80|0x000000070f400000, 0x000000070f400000, 0x000000070f600000|  0%| F|  |TAMS 0x000000070f400000| PB 0x000000070f400000| Untracked 
|  81|0x000000070f600000, 0x000000070f600000, 0x000000070f800000|  0%| F|  |TAMS 0x000000070f600000| PB 0x000000070f600000| Untracked 
|  82|0x000000070f800000, 0x000000070f800000, 0x000000070fa00000|  0%| F|  |TAMS 0x000000070f800000| PB 0x000000070f800000| Untracked 
|  83|0x000000070fa00000, 0x000000070fa00000, 0x000000070fc00000|  0%| F|  |TAMS 0x000000070fa00000| PB 0x000000070fa00000| Untracked 
|  84|0x000000070fc00000, 0x000000070fc00000, 0x000000070fe00000|  0%| F|  |TAMS 0x000000070fc00000| PB 0x000000070fc00000| Untracked 
|  85|0x000000070fe00000, 0x000000070fe00000, 0x0000000710000000|  0%| F|  |TAMS 0x000000070fe00000| PB 0x000000070fe00000| Untracked 
|  86|0x0000000710000000, 0x0000000710000000, 0x0000000710200000|  0%| F|  |TAMS 0x0000000710000000| PB 0x0000000710000000| Untracked 
|  87|0x0000000710200000, 0x0000000710200000, 0x0000000710400000|  0%| F|  |TAMS 0x0000000710200000| PB 0x0000000710200000| Untracked 
|  88|0x0000000710400000, 0x0000000710400000, 0x0000000710600000|  0%| F|  |TAMS 0x0000000710400000| PB 0x0000000710400000| Untracked 
|  89|0x0000000710600000, 0x0000000710600000, 0x0000000710800000|  0%| F|  |TAMS 0x0000000710600000| PB 0x0000000710600000| Untracked 
|  90|0x0000000710800000, 0x0000000710800000, 0x0000000710a00000|  0%| F|  |TAMS 0x0000000710800000| PB 0x0000000710800000| Untracked 
|  91|0x0000000710a00000, 0x0000000710a00000, 0x0000000710c00000|  0%| F|  |TAMS 0x0000000710a00000| PB 0x0000000710a00000| Untracked 
|  92|0x0000000710c00000, 0x0000000710c00000, 0x0000000710e00000|  0%| F|  |TAMS 0x0000000710c00000| PB 0x0000000710c00000| Untracked 
|  93|0x0000000710e00000, 0x0000000710e00000, 0x0000000711000000|  0%| F|  |TAMS 0x0000000710e00000| PB 0x0000000710e00000| Untracked 
|  94|0x0000000711000000, 0x0000000711000000, 0x0000000711200000|  0%| F|  |TAMS 0x0000000711000000| PB 0x0000000711000000| Untracked 
|  95|0x0000000711200000, 0x0000000711200000, 0x0000000711400000|  0%| F|  |TAMS 0x0000000711200000| PB 0x0000000711200000| Untracked 
|  96|0x0000000711400000, 0x0000000711400000, 0x0000000711600000|  0%| F|  |TAMS 0x0000000711400000| PB 0x0000000711400000| Untracked 
|  97|0x0000000711600000, 0x0000000711600000, 0x0000000711800000|  0%| F|  |TAMS 0x0000000711600000| PB 0x0000000711600000| Untracked 
|  98|0x0000000711800000, 0x0000000711800000, 0x0000000711a00000|  0%| F|  |TAMS 0x0000000711800000| PB 0x0000000711800000| Untracked 
|  99|0x0000000711a00000, 0x0000000711a00000, 0x0000000711c00000|  0%| F|  |TAMS 0x0000000711a00000| PB 0x0000000711a00000| Untracked 
| 100|0x0000000711c00000, 0x0000000711c00000, 0x0000000711e00000|  0%| F|  |TAMS 0x0000000711c00000| PB 0x0000000711c00000| Untracked 
| 101|0x0000000711e00000, 0x0000000711e00000, 0x0000000712000000|  0%| F|  |TAMS 0x0000000711e00000| PB 0x0000000711e00000| Untracked 
| 102|0x0000000712000000, 0x0000000712000000, 0x0000000712200000|  0%| F|  |TAMS 0x0000000712000000| PB 0x0000000712000000| Untracked 
| 103|0x0000000712200000, 0x0000000712200000, 0x0000000712400000|  0%| F|  |TAMS 0x0000000712200000| PB 0x0000000712200000| Untracked 
| 104|0x0000000712400000, 0x0000000712400000, 0x0000000712600000|  0%| F|  |TAMS 0x0000000712400000| PB 0x0000000712400000| Untracked 
| 105|0x0000000712600000, 0x0000000712600000, 0x0000000712800000|  0%| F|  |TAMS 0x0000000712600000| PB 0x0000000712600000| Untracked 
| 106|0x0000000712800000, 0x0000000712800000, 0x0000000712a00000|  0%| F|  |TAMS 0x0000000712800000| PB 0x0000000712800000| Untracked 
| 107|0x0000000712a00000, 0x0000000712a00000, 0x0000000712c00000|  0%| F|  |TAMS 0x0000000712a00000| PB 0x0000000712a00000| Untracked 
| 108|0x0000000712c00000, 0x0000000712c00000, 0x0000000712e00000|  0%| F|  |TAMS 0x0000000712c00000| PB 0x0000000712c00000| Untracked 
| 109|0x0000000712e00000, 0x0000000712e00000, 0x0000000713000000|  0%| F|  |TAMS 0x0000000712e00000| PB 0x0000000712e00000| Untracked 
| 110|0x0000000713000000, 0x0000000713000000, 0x0000000713200000|  0%| F|  |TAMS 0x0000000713000000| PB 0x0000000713000000| Untracked 
| 111|0x0000000713200000, 0x0000000713200000, 0x0000000713400000|  0%| F|  |TAMS 0x0000000713200000| PB 0x0000000713200000| Untracked 
| 112|0x0000000713400000, 0x0000000713400000, 0x0000000713600000|  0%| F|  |TAMS 0x0000000713400000| PB 0x0000000713400000| Untracked 
| 113|0x0000000713600000, 0x0000000713800000, 0x0000000713800000|100%| S|CS|TAMS 0x0000000713600000| PB 0x0000000713600000| Complete 
| 114|0x0000000713800000, 0x0000000713a00000, 0x0000000713a00000|100%| S|CS|TAMS 0x0000000713800000| PB 0x0000000713800000| Complete 
| 115|0x0000000713a00000, 0x0000000713b05f00, 0x0000000713c00000| 51%| E|  |TAMS 0x0000000713a00000| PB 0x0000000713a00000| Complete 
| 116|0x0000000713c00000, 0x0000000713e00000, 0x0000000713e00000|100%| E|  |TAMS 0x0000000713c00000| PB 0x0000000713c00000| Complete 
| 117|0x0000000713e00000, 0x0000000714000000, 0x0000000714000000|100%| E|CS|TAMS 0x0000000713e00000| PB 0x0000000713e00000| Complete 
| 118|0x0000000714000000, 0x0000000714200000, 0x0000000714200000|100%| E|CS|TAMS 0x0000000714000000| PB 0x0000000714000000| Complete 
| 119|0x0000000714200000, 0x0000000714400000, 0x0000000714400000|100%| E|CS|TAMS 0x0000000714200000| PB 0x0000000714200000| Complete 
| 120|0x0000000714400000, 0x0000000714600000, 0x0000000714600000|100%| E|CS|TAMS 0x0000000714400000| PB 0x0000000714400000| Complete 
| 121|0x0000000714600000, 0x0000000714800000, 0x0000000714800000|100%| E|CS|TAMS 0x0000000714600000| PB 0x0000000714600000| Complete 
| 122|0x0000000714800000, 0x0000000714a00000, 0x0000000714a00000|100%| E|CS|TAMS 0x0000000714800000| PB 0x0000000714800000| Complete 
| 123|0x0000000714a00000, 0x0000000714c00000, 0x0000000714c00000|100%| E|CS|TAMS 0x0000000714a00000| PB 0x0000000714a00000| Complete 
| 124|0x0000000714c00000, 0x0000000714e00000, 0x0000000714e00000|100%| E|CS|TAMS 0x0000000714c00000| PB 0x0000000714c00000| Complete 
| 125|0x0000000714e00000, 0x0000000715000000, 0x0000000715000000|100%| E|CS|TAMS 0x0000000714e00000| PB 0x0000000714e00000| Complete 

Card table byte_map: [0x000002986b380000,0x000002986bb60000] _byte_map_base: 0x0000029867b56000

Marking Bits: (CMBitMap*) 0x000002985e989d20
 Bits: [0x000002986bb60000, 0x000002986fa10000)

Polling page: 0x000002985ce80000

Metaspace:

Usage:
  Non-class:      8.62 MB used.
      Class:      1.27 MB used.
       Both:      9.89 MB used.

Virtual space:
  Non-class space:       64.00 MB reserved,       8.75 MB ( 14%) committed,  1 nodes.
      Class space:        1.00 GB reserved,       1.38 MB ( <1%) committed,  1 nodes.
             Both:        1.06 GB reserved,      10.12 MB ( <1%) committed. 

Chunk freelists:
   Non-Class:  6.80 MB
       Class:  14.44 MB
        Both:  21.24 MB

MaxMetaspaceSize: unlimited
CompressedClassSpaceSize: 1.00 GB
Initial GC threshold: 21.00 MB
Current GC threshold: 21.00 MB
CDS: on
 - commit_granule_bytes: 65536.
 - commit_granule_words: 8192.
 - virtual_space_node_default_size: 8388608.
 - enlarge_chunks_in_place: 1.
 - use_allocation_guard: 0.


Internal statistics:

num_allocs_failed_limit: 0.
num_arena_births: 306.
num_arena_deaths: 0.
num_vsnodes_births: 2.
num_vsnodes_deaths: 0.
num_space_committed: 162.
num_space_uncommitted: 0.
num_chunks_returned_to_freelist: 0.
num_chunks_taken_from_freelist: 515.
num_chunk_merges: 0.
num_chunk_splits: 331.
num_chunks_enlarged: 206.
num_inconsistent_stats: 0.

CodeCache: size=49152Kb used=5433Kb max_used=5433Kb free=43718Kb
 bounds [0x0000029866dc0000, 0x0000029867310000, 0x0000029869dc0000]
 total_blobs=2406 nmethods=1917 adapters=411
 compilation: enabled
              stopped_count=0, restarted_count=0
 full_count=0

Compilation events (20 events):
Event: 4.758 Thread 0x0000029872c66530 1908       1       java.lang.ClassValue$ClassValueMap::loadFromCache (9 bytes)
Event: 4.758 Thread 0x0000029872c63e70 nmethod 1905 0x000002986730ae10 code [0x000002986730afe0, 0x000002986730b230]
Event: 4.758 Thread 0x000002987289b810 nmethod 1907 0x000002986730b490 code [0x000002986730b620, 0x000002986730b700]
Event: 4.758 Thread 0x000002987289b810 1910       1       java.lang.ClassValue::match (21 bytes)
Event: 4.758 Thread 0x0000029872c63e70 1909       1       java.lang.ClassValue::castEntry (2 bytes)
Event: 4.758 Thread 0x0000029872c66530 nmethod 1908 0x000002986730b810 code [0x000002986730b9a0, 0x000002986730ba78]
Event: 4.758 Thread 0x0000029872c66530 1911       1       java.lang.ClassValue$Entry::value (9 bytes)
Event: 4.758 Thread 0x0000029872c63e70 nmethod 1909 0x000002986730bb10 code [0x000002986730bca0, 0x000002986730bd68]
Event: 4.758 Thread 0x000002987289b810 nmethod 1910 0x000002986730be10 code [0x000002986730bfa0, 0x000002986730c0c0]
Event: 4.758 Thread 0x0000029872c63e70 1912       1       java.lang.ClassValue$Entry::assertNotPromise (22 bytes)
Event: 4.759 Thread 0x0000029872c66530 nmethod 1911 0x000002986730c190 code [0x000002986730c320, 0x000002986730c3f0]
Event: 4.759 Thread 0x000002987289b810 1914       1       java.io.BufferedOutputStream::growIfNeeded (59 bytes)
Event: 4.759 Thread 0x0000029872c63e70 nmethod 1912 0x000002986730c490 code [0x000002986730c620, 0x000002986730c6e8]
Event: 4.759 Thread 0x0000029872c66530 1915   !   1       java.io.BufferedOutputStream::write (73 bytes)
Event: 4.759 Thread 0x0000029872c63e70 1916       1       java.io.BufferedOutputStream::implWrite (71 bytes)
Event: 4.760 Thread 0x000002987289b810 nmethod 1914 0x000002986730c790 code [0x000002986730c960, 0x000002986730cc78]
Event: 4.760 Thread 0x0000029872c63e70 nmethod 1916 0x000002986730cd90 code [0x000002986730cf80, 0x000002986730d2a8]
Event: 4.760 Thread 0x000002987289b810 1917       1       java.io.ObjectOutputStream$BlockDataOutputStream::writeUTF (46 bytes)
Event: 4.761 Thread 0x0000029872c66530 nmethod 1915 0x000002986730d410 code [0x000002986730d640, 0x000002986730db50]
Event: 4.761 Thread 0x000002987289b810 nmethod 1917 0x000002986730df10 code [0x000002986730e100, 0x000002986730e330]

GC Heap History (2 events):
Event: 2.585 GC heap before
{Heap before GC invocations=0 (full 0):
 garbage-first heap   total 258048K, used 20480K [0x0000000705400000, 0x0000000800000000)
  region size 2048K, 11 young (22528K), 0 survivors (0K)
 Metaspace       used 5425K, committed 5632K, reserved 1114112K
  class space    used 633K, committed 704K, reserved 1048576K
}
Event: 2.590 GC heap after
{Heap after GC invocations=1 (full 0):
 garbage-first heap   total 258048K, used 8646K [0x0000000705400000, 0x0000000800000000)
  region size 2048K, 2 young (4096K), 2 survivors (4096K)
 Metaspace       used 5425K, committed 5632K, reserved 1114112K
  class space    used 633K, committed 704K, reserved 1048576K
}

Dll operation events (8 events):
Event: 0.037 Loaded shared library C:\Program Files\jdk-21\bin\java.dll
Event: 0.195 Loaded shared library C:\Program Files\jdk-21\bin\jimage.dll
Event: 0.200 Loaded shared library C:\Program Files\jdk-21\bin\net.dll
Event: 0.202 Loaded shared library C:\Program Files\jdk-21\bin\nio.dll
Event: 0.206 Loaded shared library C:\Program Files\jdk-21\bin\zip.dll
Event: 0.297 Loaded shared library C:\Program Files\jdk-21\bin\management.dll
Event: 0.305 Loaded shared library C:\Program Files\jdk-21\bin\management_ext.dll
Event: 0.514 Loaded shared library C:\Program Files\jdk-21\bin\extnet.dll

Deoptimization events (4 events):
Event: 0.379 Thread 0x000002985e9218f0 DEOPT PACKING pc=0x00000298671b555d sp=0x000000bd380fd5f0
Event: 0.379 Thread 0x000002985e9218f0 DEOPT UNPACKING pc=0x0000029866e188e2 sp=0x000000bd380fcaa0 mode 3
Event: 0.382 Thread 0x000002985e9218f0 DEOPT PACKING pc=0x00000298671c9ce0 sp=0x000000bd380fd4f0
Event: 0.382 Thread 0x000002985e9218f0 DEOPT UNPACKING pc=0x0000029866e188e2 sp=0x000000bd380fc9a8 mode 3

Classes loaded (20 events):
Event: 3.985 Loading class java/lang/ProcessHandle
Event: 3.985 Loading class java/lang/ProcessHandle done
Event: 3.985 Loading class java/lang/ProcessHandleImpl
Event: 3.986 Loading class java/lang/ProcessHandleImpl done
Event: 4.006 Loading class java/util/ConcurrentModificationException
Event: 4.006 Loading class java/util/ConcurrentModificationException done
Event: 4.006 Loading class java/util/concurrent/ConcurrentHashMap$KeySpliterator
Event: 4.006 Loading class java/util/concurrent/ConcurrentHashMap$KeySpliterator done
Event: 4.009 Loading class java/lang/ProcessEnvironment$CheckedKeySet
Event: 4.009 Loading class java/lang/ProcessEnvironment$CheckedKeySet done
Event: 4.010 Loading class java/util/stream/MatchOps$MatchKind
Event: 4.010 Loading class java/util/stream/MatchOps$MatchKind done
Event: 4.010 Loading class java/util/stream/MatchOps
Event: 4.010 Loading class java/util/stream/MatchOps done
Event: 4.010 Loading class java/util/stream/MatchOps$MatchOp
Event: 4.010 Loading class java/util/stream/MatchOps$MatchOp done
Event: 4.010 Loading class java/util/stream/MatchOps$BooleanTerminalSink
Event: 4.010 Loading class java/util/stream/MatchOps$BooleanTerminalSink done
Event: 4.010 Loading class java/util/stream/MatchOps$2MatchSink
Event: 4.010 Loading class java/util/stream/MatchOps$2MatchSink done

Classes unloaded (0 events):
No events

Classes redefined (0 events):
No events

Internal exceptions (20 events):
Event: 2.634 Thread 0x000002985e9218f0 Exception <a 'java/lang/NoSuchMethodError'{0x0000000714c0bfe8}: 'java.lang.Object java.lang.invoke.Invokers$Holder.linkToTargetMethod(java.lang.Object, long, java.lang.Object, java.lang.Object)'> (0x0000000714c0bfe8) 
thrown [s\open\src\hotspot\share\interpreter\linkResolver.cpp, line 773]
Event: 3.673 Thread 0x00000298775707a0 Exception <a 'java/lang/NoSuchMethodError'{0x0000000714dc7bf8}: static [B.<clinit>()V> (0x0000000714dc7bf8) 
thrown [s\open\src\hotspot\share\prims\jni.cpp, line 1106]
Event: 3.674 Thread 0x00000298775707a0 Exception <a 'java/lang/NoSuchMethodError'{0x0000000714dc9700}: 'java.lang.Object java.lang.invoke.DirectMethodHandle$Holder.invokeInterface(java.lang.Object, java.lang.Object, java.lang.Object)'> (0x0000000714dc9700) 
thrown [s\open\src\hotspot\share\interpreter\linkResolver.cpp, line 773]
Event: 3.683 Thread 0x000002987758e7d0 Exception <a 'java/lang/NoSuchMethodError'{0x0000000714a064b0}: 'java.lang.Object java.lang.invoke.Invokers$Holder.linkToTargetMethod(java.lang.Object, long, java.lang.Object)'> (0x0000000714a064b0) 
thrown [s\open\src\hotspot\share\interpreter\linkResolver.cpp, line 773]
Event: 3.683 Thread 0x00000298775707a0 Exception <a 'java/lang/ClassNotFoundException'{0x0000000714de8250}: javax/management/remote/rmi/RMIConnectionImpl_Skel> (0x0000000714de8250) 
thrown [s\open\src\hotspot\share\classfile\systemDictionary.cpp, line 312]
Event: 3.688 Thread 0x00000298775707a0 Exception <a 'java/lang/NoSuchMethodError'{0x0000000714a81ac8}: 'java.lang.Object java.lang.invoke.DirectMethodHandle$Holder.invokeInterface(java.lang.Object, java.lang.Object)'> (0x0000000714a81ac8) 
thrown [s\open\src\hotspot\share\interpreter\linkResolver.cpp, line 773]
Event: 3.692 Thread 0x00000298775707a0 Exception <a 'java/lang/NoSuchMethodError'{0x0000000714aa88f0}: 'java.lang.Object java.lang.invoke.DirectMethodHandle$Holder.invokeInterface(java.lang.Object, java.lang.Object, java.lang.Object, java.lang.Object, java.lang.Object)'> (0x0000000714aa88f0) 
thrown [s\open\src\hotspot\share\interpreter\linkResolver.cpp, line 773]
Event: 3.693 Thread 0x00000298775707a0 Exception <a 'java/lang/NoSuchMethodError'{0x0000000714abbdf8}: 'java.lang.Object java.lang.invoke.Invokers$Holder.invokeExact_MT(java.lang.Object, java.lang.Object, java.lang.Object, java.lang.Object, java.lang.Object, java.lang.Object)'> (0x0000000714abbdf8) 
thrown [s\open\src\hotspot\share\interpreter\linkResolver.cpp, line 773]
Event: 3.697 Thread 0x00000298775707a0 Exception <a 'java/lang/NoSuchMethodError'{0x0000000714b3f1b8}: static [Ljava/lang/StackTraceElement;.<clinit>()V> (0x0000000714b3f1b8) 
thrown [s\open\src\hotspot\share\prims\jni.cpp, line 1106]
Event: 3.717 Thread 0x000002985e9218f0 Exception <a 'java/lang/NoSuchMethodError'{0x0000000714bbe850}: 'void java.lang.invoke.DirectMethodHandle$Holder.invokeStatic(java.lang.Object, java.lang.Object, java.lang.Object, java.lang.Object)'> (0x0000000714bbe850) 
thrown [s\open\src\hotspot\share\interpreter\linkResolver.cpp, line 773]
Event: 3.755 Thread 0x000002985e9218f0 Exception <a 'java/lang/NoSuchMethodError'{0x00000007148d54f0}: 'int java.lang.invoke.DirectMethodHandle$Holder.invokeStaticInit(java.lang.Object, java.lang.Object)'> (0x00000007148d54f0) 
thrown [s\open\src\hotspot\share\interpreter\linkResolver.cpp, line 773]
Event: 3.757 Thread 0x000002985e9218f0 Exception <a 'java/lang/NoSuchMethodError'{0x00000007148e96c8}: 'void java.lang.invoke.DirectMethodHandle$Holder.invokeInterface(java.lang.Object, java.lang.Object, java.lang.Object, java.lang.Object)'> (0x00000007148e96c8) 
thrown [s\open\src\hotspot\share\interpreter\linkResolver.cpp, line 773]
Event: 3.805 Thread 0x000002985e9218f0 Exception <a 'java/lang/NoSuchMethodError'{0x00000007146be658}: 'java.lang.Object java.lang.invoke.DirectMethodHandle$Holder.invokeSpecialIFC(java.lang.Object, java.lang.Object, java.lang.Object, java.lang.Object)'> (0x00000007146be658) 
thrown [s\open\src\hotspot\share\interpreter\linkResolver.cpp, line 773]
Event: 3.905 Thread 0x0000029877d13800 Exception <a 'java/lang/NoSuchMethodError'{0x0000000714147750}: 'int java.lang.invoke.DirectMethodHandle$Holder.invokeStaticInit(java.lang.Object, java.lang.Object, java.lang.Object)'> (0x0000000714147750) 
thrown [s\open\src\hotspot\share\interpreter\linkResolver.cpp, line 773]
Event: 3.910 Thread 0x0000029877d13800 Exception <a 'java/lang/NoSuchMethodError'{0x00000007141974d8}: 'java.lang.Object java.lang.invoke.DirectMethodHandle$Holder.newInvokeSpecial(java.lang.Object, java.lang.Object, java.lang.Object, java.lang.Object, java.lang.Object)'> (0x00000007141974d8) 
thrown [s\open\src\hotspot\share\interpreter\linkResolver.cpp, line 773]
Event: 3.923 Thread 0x0000029877d13800 Exception <a 'java/lang/IncompatibleClassChangeError'{0x0000000713e431f0}: Found class java.lang.Object, but interface was expected> (0x0000000713e431f0) 
thrown [s\open\src\hotspot\share\interpreter\linkResolver.cpp, line 840]
Event: 3.936 Thread 0x0000029877d13800 Exception <a 'sun/nio/fs/WindowsException'{0x0000000713ec9dd0}> (0x0000000713ec9dd0) 
thrown [s\open\src\hotspot\share\prims\jni.cpp, line 520]
Event: 3.986 Thread 0x0000029877d13800 Exception <a 'java/lang/NoSuchMethodError'{0x0000000713d301a8}: 'java.lang.Object java.lang.invoke.DirectMethodHandle$Holder.invokeStatic(java.lang.Object, long, java.lang.Object)'> (0x0000000713d301a8) 
thrown [s\open\src\hotspot\share\interpreter\linkResolver.cpp, line 773]
Event: 3.986 Thread 0x0000029877d13800 Exception <a 'java/lang/NoSuchMethodError'{0x0000000713d33830}: 'java.lang.Object java.lang.invoke.DirectMethodHandle$Holder.invokeStaticInit(java.lang.Object, long, java.lang.Object)'> (0x0000000713d33830) 
thrown [s\open\src\hotspot\share\interpreter\linkResolver.cpp, line 773]
Event: 3.986 Thread 0x0000029877d13800 Exception <a 'java/lang/NoSuchMethodError'{0x0000000713d38f98}: 'java.lang.Object java.lang.invoke.DirectMethodHandle$Holder.newInvokeSpecial(java.lang.Object, long)'> (0x0000000713d38f98) 
thrown [s\open\src\hotspot\share\interpreter\linkResolver.cpp, line 773]

ZGC Phase Switch (0 events):
No events

VM Operations (20 events):
Event: 1.515 Executing VM operation: Cleanup done
Event: 2.531 Executing VM operation: HandshakeAllThreads (Deoptimize)
Event: 2.531 Executing VM operation: HandshakeAllThreads (Deoptimize) done
Event: 2.531 Executing VM operation: Cleanup
Event: 2.531 Executing VM operation: Cleanup done
Event: 2.585 Executing VM operation: G1CollectForAllocation (G1 Evacuation Pause)
Event: 2.590 Executing VM operation: G1CollectForAllocation (G1 Evacuation Pause) done
Event: 2.590 Executing VM operation: HandshakeAllThreads (Deoptimize)
Event: 2.590 Executing VM operation: HandshakeAllThreads (Deoptimize) done
Event: 2.594 Executing VM operation: HandshakeAllThreads (Deoptimize)
Event: 2.594 Executing VM operation: HandshakeAllThreads (Deoptimize) done
Event: 2.595 Executing VM operation: HandshakeAllThreads (Deoptimize)
Event: 2.595 Executing VM operation: HandshakeAllThreads (Deoptimize) done
Event: 3.595 Executing VM operation: Cleanup
Event: 3.657 Executing VM operation: Cleanup done
Event: 3.682 Executing VM operation: HandshakeAllThreads (Deoptimize)
Event: 3.682 Executing VM operation: HandshakeAllThreads (Deoptimize) done
Event: 3.939 Executing VM operation: HandshakeAllThreads (Deoptimize)
Event: 3.939 Executing VM operation: HandshakeAllThreads (Deoptimize) done
Event: 4.941 Executing VM operation: Cleanup

Events (20 events):
Event: 0.063 Thread 0x0000029872889390 Thread added: 0x0000029872889390
Event: 0.063 Thread 0x0000029872889df0 Thread added: 0x0000029872889df0
Event: 0.063 Thread 0x000002987288b4f0 Thread added: 0x000002987288b4f0
Event: 0.063 Thread 0x00000298728900f0 Thread added: 0x00000298728900f0
Event: 0.063 Thread 0x000002987289b810 Thread added: 0x000002987289b810
Event: 0.179 Thread 0x0000029872c617f0 Thread added: 0x0000029872c617f0
Event: 0.182 Thread 0x0000029872c63e70 Thread added: 0x0000029872c63e70
Event: 0.182 Thread 0x0000029872c66530 Thread added: 0x0000029872c66530
Event: 0.184 Thread 0x0000029872ca2be0 Thread added: 0x0000029872ca2be0
Event: 0.190 Thread 0x0000029872cef7b0 Thread added: 0x0000029872cef7b0
Event: 1.515 Thread 0x0000029877420d40 Thread added: 0x0000029877420d40
Event: 2.524 Thread 0x000002987741c8b0 Thread added: 0x000002987741c8b0
Event: 2.537 Thread 0x0000029877453730 Thread added: 0x0000029877453730
Event: 2.971 Thread 0x00000298775600d0 Thread added: 0x00000298775600d0
Event: 3.659 Thread 0x0000029872ca2be0 Thread exited: 0x0000029872ca2be0
Event: 3.665 Thread 0x0000029877570130 Thread added: 0x0000029877570130
Event: 3.667 Thread 0x00000298775707a0 Thread added: 0x00000298775707a0
Event: 3.680 Thread 0x000002987758e7d0 Thread added: 0x000002987758e7d0
Event: 3.890 Thread 0x0000029877d12ae0 Thread added: 0x0000029877d12ae0
Event: 3.891 Thread 0x0000029877d13800 Thread added: 0x0000029877d13800


Dynamic libraries:
0x00007ff7a7af0000 - 0x00007ff7a7afe000 	C:\Program Files\jdk-21\bin\javaw.exe
0x00007ffc19680000 - 0x00007ffc198e3000 	C:\WINDOWS\SYSTEM32\ntdll.dll
0x00007ffc18200000 - 0x00007ffc182c7000 	C:\WINDOWS\System32\KERNEL32.DLL
0x00007ffc16ab0000 - 0x00007ffc16e79000 	C:\WINDOWS\System32\KERNELBASE.dll
0x00007ffc16f30000 - 0x00007ffc1707c000 	C:\WINDOWS\System32\ucrtbase.dll
0x00007ffc0f280000 - 0x00007ffc0f298000 	C:\Program Files\jdk-21\bin\jli.dll
0x00007ffc0ce50000 - 0x00007ffc0ce6b000 	C:\Program Files\jdk-21\bin\VCRUNTIME140.dll
0x00007ffc18030000 - 0x00007ffc181fa000 	C:\WINDOWS\System32\USER32.dll
0x00007ffc169c0000 - 0x00007ffc169e7000 	C:\WINDOWS\System32\win32u.dll
0x00007ffc17560000 - 0x00007ffc1758a000 	C:\WINDOWS\System32\GDI32.dll
0x00007ffc01570000 - 0x00007ffc01800000 	C:\WINDOWS\WinSxS\amd64_microsoft.windows.common-controls_6595b64144ccf1df_6.0.26100.3323_none_3e088096e3344490\COMCTL32.dll
0x00007ffc16880000 - 0x00007ffc169b1000 	C:\WINDOWS\System32\gdi32full.dll
0x00007ffc17e70000 - 0x00007ffc17f19000 	C:\WINDOWS\System32\msvcrt.dll
0x00007ffc16e80000 - 0x00007ffc16f23000 	C:\WINDOWS\System32\msvcp_win.dll
0x00007ffc193c0000 - 0x00007ffc193ef000 	C:\WINDOWS\System32\IMM32.DLL
0x00007ffc0c480000 - 0x00007ffc0c48c000 	C:\Program Files\jdk-21\bin\vcruntime140_1.dll
0x00007ffbdac00000 - 0x00007ffbdac8e000 	C:\Program Files\jdk-21\bin\msvcp140.dll
0x00007ffba6f80000 - 0x00007ffba7c93000 	C:\Program Files\jdk-21\bin\server\jvm.dll
0x00007ffc174a0000 - 0x00007ffc17552000 	C:\WINDOWS\System32\ADVAPI32.dll
0x00007ffc177a0000 - 0x00007ffc17846000 	C:\WINDOWS\System32\sechost.dll
0x00007ffc17590000 - 0x00007ffc176a6000 	C:\WINDOWS\System32\RPCRT4.dll
0x00007ffc17fb0000 - 0x00007ffc18024000 	C:\WINDOWS\System32\WS2_32.dll
0x00007ffc156b0000 - 0x00007ffc156fe000 	C:\WINDOWS\SYSTEM32\POWRPROF.dll
0x00007ffc06c10000 - 0x00007ffc06c46000 	C:\WINDOWS\SYSTEM32\WINMM.dll
0x00007ffc10670000 - 0x00007ffc1067b000 	C:\WINDOWS\SYSTEM32\VERSION.dll
0x00007ffc15640000 - 0x00007ffc15654000 	C:\WINDOWS\SYSTEM32\UMPDC.dll
0x00007ffc157b0000 - 0x00007ffc157ca000 	C:\WINDOWS\SYSTEM32\kernel.appcore.dll
0x00007ffc0f820000 - 0x00007ffc0f82a000 	C:\Program Files\jdk-21\bin\jimage.dll
0x00007ffc05080000 - 0x00007ffc052c1000 	C:\WINDOWS\SYSTEM32\DBGHELP.DLL
0x00007ffc182d0000 - 0x00007ffc18652000 	C:\WINDOWS\System32\combase.dll
0x00007ffc176c0000 - 0x00007ffc17796000 	C:\WINDOWS\System32\OLEAUT32.dll
0x00007ffc03b80000 - 0x00007ffc03bb9000 	C:\WINDOWS\SYSTEM32\dbgcore.DLL
0x00007ffc17080000 - 0x00007ffc17119000 	C:\WINDOWS\System32\bcryptPrimitives.dll
0x00007ffc0d0b0000 - 0x00007ffc0d0cf000 	C:\Program Files\jdk-21\bin\java.dll
0x00007ffc187c0000 - 0x00007ffc18ed5000 	C:\WINDOWS\System32\SHELL32.dll
0x00007ffc17120000 - 0x00007ffc17288000 	C:\WINDOWS\System32\wintypes.dll
0x00007ffc145a0000 - 0x00007ffc14de5000 	C:\WINDOWS\SYSTEM32\windows.storage.dll
0x00007ffc17900000 - 0x00007ffc179eb000 	C:\WINDOWS\System32\SHCORE.dll
0x00007ffc17d40000 - 0x00007ffc17d9d000 	C:\WINDOWS\System32\shlwapi.dll
0x00007ffc16790000 - 0x00007ffc167bf000 	C:\WINDOWS\SYSTEM32\profapi.dll
0x00007ffc0d240000 - 0x00007ffc0d250000 	C:\Program Files\jdk-21\bin\net.dll
0x00007ffc106e0000 - 0x00007ffc107fe000 	C:\WINDOWS\SYSTEM32\WINHTTP.dll
0x00007ffc15cd0000 - 0x00007ffc15d3a000 	C:\WINDOWS\system32\mswsock.dll
0x00007ffc0d070000 - 0x00007ffc0d086000 	C:\Program Files\jdk-21\bin\nio.dll
0x00007ffc0d090000 - 0x00007ffc0d0a8000 	C:\Program Files\jdk-21\bin\zip.dll
0x00007ffc13890000 - 0x00007ffc1389a000 	C:\Program Files\jdk-21\bin\management.dll
0x00007ffbfef70000 - 0x00007ffbfef7b000 	C:\Program Files\jdk-21\bin\management_ext.dll
0x00007ffc176b0000 - 0x00007ffc176b8000 	C:\WINDOWS\System32\PSAPI.DLL
0x00007ffc02c70000 - 0x00007ffc02c88000 	C:\WINDOWS\system32\napinsp.dll
0x00007ffc15120000 - 0x00007ffc15245000 	C:\WINDOWS\SYSTEM32\DNSAPI.dll
0x00007ffc150e0000 - 0x00007ffc15113000 	C:\WINDOWS\SYSTEM32\IPHLPAPI.DLL
0x00007ffc17da0000 - 0x00007ffc17daa000 	C:\WINDOWS\System32\NSI.dll
0x00007ffc02c50000 - 0x00007ffc02c62000 	C:\WINDOWS\System32\winrnr.dll
0x00007ffc02c20000 - 0x00007ffc02c42000 	C:\WINDOWS\system32\nlansp_c.dll
0x00007ffc02b20000 - 0x00007ffc02b36000 	C:\WINDOWS\system32\wshbth.dll
0x00007ffc0d470000 - 0x00007ffc0d47b000 	C:\Windows\System32\rasadhlp.dll
0x00007ffc0fb60000 - 0x00007ffc0fbe5000 	C:\WINDOWS\System32\fwpuclnt.dll
0x00007ffc15f70000 - 0x00007ffc15f8c000 	C:\WINDOWS\SYSTEM32\CRYPTSP.dll
0x00007ffc15710000 - 0x00007ffc1574a000 	C:\WINDOWS\system32\rsaenh.dll
0x00007ffc15d70000 - 0x00007ffc15d9b000 	C:\WINDOWS\SYSTEM32\USERENV.dll
0x00007ffc161b0000 - 0x00007ffc161d6000 	C:\WINDOWS\SYSTEM32\bcrypt.dll
0x00007ffc15f90000 - 0x00007ffc15f9c000 	C:\WINDOWS\SYSTEM32\CRYPTBASE.dll
0x00007ffc0cfc0000 - 0x00007ffc0cfc7000 	C:\Program Files\jdk-21\bin\extnet.dll

dbghelp: loaded successfully - version: 4.0.5 - missing functions: none
symbol engine: initialized successfully - sym options: 0x614 - pdb path: .;C:\Program Files\jdk-21\bin;C:\WINDOWS\SYSTEM32;C:\WINDOWS\WinSxS\amd64_microsoft.windows.common-controls_6595b64144ccf1df_6.0.26100.3323_none_3e088096e3344490;C:\Program Files\jdk-21\bin\server

VM Arguments:
jvm_args: -Dcom.sun.management.jmxremote -Dcom.sun.management.jmxremote.port=53920 -Dcom.sun.management.jmxremote.authenticate=false -Dcom.sun.management.jmxremote.ssl=false -Djava.rmi.server.hostname=localhost -Dspring.jmx.enabled=true -Dmanagement.endpoints.jmx.exposure.include=* -Dspring.application.admin.enabled=true -Dspring.output.ansi.enabled=always -XX:TieredStopAtLevel=1 -Dspring.boot.project.name=packtory_de -Dfile.encoding=UTF-8 -Dstdout.encoding=UTF-8 -Dstderr.encoding=UTF-8 -XX:+ShowCodeDetailsInExceptionMessages 
java_command: kr.co.itwillbs.de.PacktoryDeApplication
java_class_path (initial): C:\Users\ITWILL\git\packtory_\bin\main;C:\Users\ITWILL\.gradle\caches\modules-2\files-2.1\org.projectlombok\lombok\1.18.36\5a30490a6e14977d97d9c73c924c1f1b5311ea95\lombok-1.18.36.jar;C:\Users\ITWILL\.gradle\caches\modules-2\files-2.1\com.querydsl\querydsl-apt\5.1.0\3b1cbe05851840b5dc926833908747a193c097cc\querydsl-apt-5.1.0-jakarta.jar;C:\Users\ITWILL\.gradle\caches\modules-2\files-2.1\org.springframework.boot\spring-boot-starter-data-jpa\3.4.3\29c90fec6e887dc01df09ea4c3548b5a04b7afb4\spring-boot-starter-data-jpa-3.4.3.jar;C:\Users\ITWILL\.gradle\caches\modules-2\files-2.1\org.springframework.boot\spring-boot-starter-thymeleaf\3.4.3\6bbf0643625e924632407b3b659c2a1bbff0bd4e\spring-boot-starter-thymeleaf-3.4.3.jar;C:\Users\ITWILL\.gradle\caches\modules-2\files-2.1\org.springframework.boot\spring-boot-starter-validation\3.4.3\cbbea0ff19a55bc84926a04be99045c7eba2420\spring-boot-starter-validation-3.4.3.jar;C:\Users\ITWILL\.gradle\caches\modules-2\files-2.1\org.springframework.boot\spring-boot-starter-web\3.4.3\87e7a401e7d249fefc7f372f5681e8620234624c\spring-boot-starter-web-3.4.3.jar;C:\Users\ITWILL\.gradle\caches\modules-2\files-2.1\org.mybatis.spring.boot\mybatis-spring-boot-starter\3.0.4\2a56c4aa1f81aaef9abb0105f72702a737517d9a\mybatis-spring-boot-starter-3.0.4.jar;C:\Users\ITWILL\.gradle\caches\modules-2\files-2.1\org.springframework.boot\spring-boot-starter-data-jdbc\3.4.3\49b44984bdc9f564421b88c5eef8397e9ed79293\spring-boot-starter-data-jdbc-3.4.3.jar;C:\Users\ITWILL\.gradle\caches\modules-2\files-2.1\org.springframework.boot\spring-boot-starter-jdbc\3.4.3\87c09bd67ea27fcd30d6413fdbc5bfa1f688e5e8\spring-boot-starter-jdbc-3.4.3.jar;C:\Users\ITWILL\.gradle\caches\modules-2\files-2.1\org.springframework.boot\spring-boot-starter-json\3.4.3\7a4d63165404da67ed3802678994c21a0763723\spring-boot-starter-json-3.4.3.jar;C:\Users\ITWILL\.gradle\caches\modules-2\files-2.1\org.springframework.boot\spring-boot-starter\3.4.3\247fdc05cd6de013c3fd26628fa221dd095b391\spring-boot-starter-3.4.3.jar;C:\Users\ITWILL\.gradle\caches\modules-2\files-2.1\org.springframework.data\spring-data-jpa\3.4.3\7e4c0e9c14f4d971a9de6aff3c9beece2001480b\spring-data-jpa-3.4.3.jar;C:\Users\ITWILL\.gradle\caches\modules-2\files-2.1\org.springframework.boot\spring-boot-starter-tomcat\3.4.3\40246b02bf8bf905dd5fb3d57f48bfc2c9b49bb9\spring-boot-starter-tomcat-3.4.3.jar;C:\Users\ITWILL\.gradle\caches\modules-2\files-2.1\jakarta.annotation\jakarta.annotation-api\2.1.1\48b9bda22b091b1f48b13af03fe36db3be6e1ae3\jakarta.annotation-api-2.1.1.jar;C:\Users\ITWILL\.gradle\caches\modules-2\files-2.1\org.hibernate.orm\hibernate-core\6.6.8.Final\2738c642d5e505249faa2f923e03541aa6b96916\hibernate-core-6.6.8.Final.jar;C:\Users\ITWILL\.gradle\caches\modules-2\files-2.1\jakarta.persistence\jakarta.persistence-api\3.1.0\66901fa1c373c6aff65c13791cc11da72060a8d6\jakarta.persistence-api-3.1.0.jar;C:\Users\ITWILL\.gradle\caches\modules-2\files-2.1\mysql\mysql-connector-java\8.0.29\16bfffda393ac4fe56f0985f1f035b37d3fc48f\mysql-connector-java-8.0.29.jar;C:\Users\ITWILL\.gradle\caches\modules-2\files-2.1\com.querydsl\querydsl-jpa\5.1.0\f44ee79a324cf92d6821eca736b2028e69542050\querydsl-jpa-5.1.0-jakarta.jar;C:\Users\ITWILL\.gradle\caches\modules-2\files-2.1\nz.net.ultraq.thymeleaf\thymeleaf-layout-dialect\3.3.0\275da01788302e514c0549a4db5fa6b29ef84ba6\thymeleaf-layout-dialect-3.3.0.jar;C:\Users\ITWILL\.gradle\caches\modules-2\files-2.1\com.github.ulisesbocchio\jasypt-spring-boot\3.0.5\b75dd4d668ccaf176e89846b37ef0ba1c80149ec\jasypt-spring-boot-3.0.5.jar;C:\Users\ITWILL\.gradle\caches\modules-2\files-2.1\com.querydsl\querydsl-codegen\5.1.0\a8504ea51fbc2258543cedab6a37fe6039b2d20a\querydsl-codegen-5.1.0.jar;C:\Users\ITWILL\.gradle\caches\modules-2\files-2.1\org.springframework.data\spring-data-jdbc\3.4.3\55c72f1fb6cbc4818c3689741facd5dbb60a2fa2\spring-data-jdbc-3.4.3.jar;C:\Users\ITWILL\.gradle\caches\modules-2\files-2.1\org.springframework\spring-aspects\6.2.3\f90a794dd3f81a1addc0552bc091e3f85b2428de\spring-aspects-6.2.3.jar;C:\Users\ITWILL\.gradle\caches\modules-2\files-2.1\org.thymeleaf\thymeleaf-spring6\3.1.3.RELEASE\4b276ea2bd536a18e44b40ff1d9f4848965ff59c\thymeleaf-spring6-3.1.3.RELEASE.jar;C:\Users\ITWILL\.gradle\caches\modules-2\files-2.1\org.apache.tomcat.embed\tomcat-embed-el\10.1.36\4e4235a18244af30bb32d9b5a9400fb8edb3bc20\tomcat-embed-el-10.1.36.jar;C:\Users\ITWILL\.gradle\caches\modules-2\files-2.1\org.hibernate.validator\hibernate-validator\8.0.2.Final\220e64815dd87535525331de20570017f899eb13\hibernate-validator-8.0.2.Final.jar;C:\Users\ITWILL\.gradle\caches\modules-2\files-2.1\org.springframework\spring-webmvc\6.2.3\485f6e351bba471fc8f841f39eaf6488896369ff\spring-webmvc-6.2.3.jar;C:\Users\ITWILL\.gradle\caches\modules-2\files-2.1\org.springframework\spring-web\6.2.3\662ac5ee41af27d183f97032b2fec2b652d379f5\spring-web-6.2.3.jar;C:\Users\ITWILL\.gradle\caches\modules-2\files-2.1\org.mybatis.spring.boot\mybatis-spring-boot-autoconfigure\3.0.4\27c887cbd92c780e7d8baaf30d9dc5b5d5f0c03\mybatis-spring-boot-autoconfigure-3.0.4.jar;C:\Users\ITWILL\.gradle\caches\modules-2\files-2.1\org.mybatis\mybatis\3.5.17\b210805d7d67ab8c564efebbeae5ed648c5bc925\mybatis-3.5.17.jar;C:\Users\ITWILL\.gradle\caches\modules-2\files-2.1\org.mybatis\mybatis-spring\3.0.4\8a1250161c6b5c15103c1f51d6a1ad8307af4418\mybatis-spring-3.0.4.jar;C:\Users\ITWILL\.gradle\caches\modules-2\files-2.1\com.google.protobuf\protobuf-java\3.19.4\748e4e0b9e4fa6b9b1fe65690aa04a9db56cfc4d\protobuf-java-3.19.4.jar;C:\Users\ITWILL\.gradle\caches\modules-2\files-2.1\com.querydsl\querydsl-core\5.1.0\be322c3fe98de8e7c204afb8860bfabd81a3bafd\querydsl-core-5.1.0.jar;C:\Users\ITWILL\.gradle\caches\modules-2\files-2.1\org.apache.groovy\groovy\4.0.25\38a83bfe397abe661b25cb4a902e0132bb220191\groovy-4.0.25.jar;C:\Users\ITWILL\.gradle\caches\modules-2\files-2.1\org.jasypt\jasypt\1.9.3\d99ef9540f51c617f2a293b460f025d2ee563dd\jasypt-1.9.3.jar;C:\Users\ITWILL\.gradle\caches\modules-2\files-2.1\com.querydsl\codegen-utils\5.1.0\ba401554d613760617992eafb6cdba175c811e6f\codegen-utils-5.1.0.jar;C:\Users\ITWILL\.gradle\caches\modules-2\files-2.1\javax.inject\javax.inject\1\6975da39a7040257bd51d21a231b76c915872d38\javax.inject-1.jar;C:\Users\ITWILL\.gradle\caches\modules-2\files-2.1\io.github.classgraph\classgraph\4.8.146\360448a09bfa5689d89cfa97fea53b3fdefa9c23\classgraph-4.8.146.jar;C:\Users\ITWILL\.gradle\caches\modules-2\files-2.1\com.zaxxer\HikariCP\5.1.0\8c96e36c14461fc436bb02b264b96ef3ca5dca8c\HikariCP-5.1.0.jar;C:\Users\ITWILL\.gradle\caches\modules-2\files-2.1\org.springframework\spring-orm\6.2.3\b99b9917702591c2ef0cfa7a9bff6bf757015437\spring-orm-6.2.3.jar;C:\Users\ITWILL\.gradle\caches\modules-2\files-2.1\org.springframework\spring-jdbc\6.2.3\37a5f7fd424fe555a556138c8ac4f8d6dd312c19\spring-jdbc-6.2.3.jar;C:\Users\ITWILL\.gradle\caches\modules-2\files-2.1\org.springframework.data\spring-data-relational\3.4.3\23400202b0bc46fb08483d4c0ccdeeac3f1f5100\spring-data-relational-3.4.3.jar;C:\Users\ITWILL\.gradle\caches\modules-2\files-2.1\org.springframework.data\spring-data-commons\3.4.3\2b61ff4aef4a81071ce7eaf1ec29ef9e553bf930\spring-data-commons-3.4.3.jar;C:\Users\ITWILL\.gradle\caches\modules-2\files-2.1\org.springframework\spring-tx\6.2.3\29c8703a756f9a41bc8e14e2aae7890658c54abf\spring-tx-6.2.3.jar;C:\Users\ITWILL\.gradle\caches\modules-2\files-2.1\org.springframework.boot\spring-boot-autoconfigure\3.4.3\6172c599082196b340910d67c5c790c32f10e417\spring-boot-autoconfigure-3.4.3.jar;C:\Users\ITWILL\.gradle\caches\modules-2\files-2.1\org.springframework.boot\spring-boot\3.4.3\a7138bcecd59ed27660b3894a7812d65db4951e6\spring-boot-3.4.3.jar;C:\Users\ITWILL\.gradle\caches\modules-2\files-2.1\org.springframework\spring-context\6.2.3\35acadc000b8aaff77e3412dd9acb51aa70c8515\spring-context-6.2.3.jar;C:\Users\ITWILL\.gradle\caches\modules-2\files-2.1\org.springframework\spring-aop\6.2.3\7983418fa64505d144b60826fb1352ad336c60a0\spring-aop-6.2.3.jar;C:\Users\ITWILL\.gradle\caches\modules-2\files-2.1\org.springframework\spring-beans\6.2.3\de660324c90e9b015886d85c746860478fa7d99c\spring-beans-6.2.3.jar;C:\Users\ITWILL\.gradle\caches\modules-2\files-2.1\org.springframework\spring-expression\6.2.3\bda43c7be1bb69cce2a380c2bbaf05062631d42d\spring-expression-6.2.3.jar;C:\Users\ITWILL\.gradle\caches\modules-2\files-2.1\org.springframework\spring-core\6.2.3\13ec11e345b915d7ceea37446f1b1eefdcaad62c\spring-core-6.2.3.jar;C:\Users\ITWILL\.gradle\caches\modules-2\files-2.1\org.thymeleaf\thymeleaf\3.1.3.RELEASE\51474f2a90b282ee97dabcd159c7faf24790f373\thymeleaf-3.1.3.RELEASE.jar;C:\Users\ITWILL\.gradle\caches\modules-2\files-2.1\org.springframework.boot\spring-boot-starter-logging\3.4.3\e5aee6af32c2dbcc9fb379bcd6c5e5b931db93f1\spring-boot-starter-logging-3.4.3.jar;C:\Users\ITWILL\.gradle\caches\modules-2\files-2.1\ch.qos.logback\logback-classic\1.5.16\113979db51dfad6dc895b34460d7b7ff64ffe7d2\logback-classic-1.5.16.jar;C:\Users\ITWILL\.gradle\caches\modules-2\files-2.1\org.apache.logging.log4j\log4j-to-slf4j\2.24.3\da1143e2a2531ee1c2d90baa98eb50a28a39d5a7\log4j-to-slf4j-2.24.3.jar;C:\Users\ITWILL\.gradle\caches\modules-2\files-2.1\org.slf4j\jul-to-slf4j\2.0.16\6d57da3e961daac65bcca0dd3def6cd11e48a24a\jul-to-slf4j-2.0.16.jar;C:\Users\ITWILL\.gradle\caches\modules-2\files-2.1\org.slf4j\slf4j-api\2.0.16\172931663a09a1fa515567af5fbef00897d3c04\slf4j-api-2.0.16.jar;C:\Users\ITWILL\.gradle\caches\modules-2\files-2.1\org.yaml\snakeyaml\2.3\936b36210e27320f920536f695cf1af210c44586\snakeyaml-2.3.jar;C:\Users\ITWILL\.gradle\caches\modules-2\files-2.1\jakarta.transaction\jakarta.transaction-api\2.0.1\51a520e3fae406abb84e2e1148e6746ce3f80a1a\jakarta.transaction-api-2.0.1.jar;C:\Users\ITWILL\.gradle\caches\modules-2\files-2.1\org.antlr\antlr4-runtime\4.13.0\5a02e48521624faaf5ff4d99afc88b01686af655\antlr4-runtime-4.13.0.jar;C:\Users\ITWILL\.gradle\caches\modules-2\files-2.1\org.aspectj\aspectjweaver\1.9.22.1\bca243d0af0db4758fbae45c5f4995cb5dabb612\aspectjweaver-1.9.22.1.jar;C:\Users\ITWILL\.gradle\caches\modules-2\files-2.1\jakarta.validation\jakarta.validation-api\3.0.2\92b6631659ba35ca09e44874d3eb936edfeee532\jakarta.validation-api-3.0.2.jar;C:\Users\ITWILL\.gradle\caches\modules-2\files-2.1\org.jboss.logging\jboss-logging\3.6.1.Final\886afbb445b4016a37c8960a7aef6ebd769ce7e5\jboss-logging-3.6.1.Final.jar;C:\Users\ITWILL\.gradle\caches\modules-2\files-2.1\com.fasterxml\classmate\1.7.0\e98374da1f2143ac8e6e0a95036994bb19137a3\classmate-1.7.0.jar;C:\Users\ITWILL\.gradle\caches\modules-2\files-2.1\com.fasterxml.jackson.datatype\jackson-datatype-jsr310\2.18.2\7b6ff96adf421f4c6edbd694e797dd8fe434510a\jackson-datatype-jsr310-2.18.2.jar;C:\Users\ITWILL\.gradle\caches\modules-2\files-2.1\com.fasterxml.jackson.module\jackson-module-parameter-names\2.18.2\72960cb3277347a748911d100c3302d60e8a616a\jackson-module-parameter-names-2.18.2.jar;C:\Users\ITWILL\.gradle\caches\modules-2\files-2.1\com.fasterxml.jackson.core\jackson-annotations\2.18.2\985d77751ebc7fce5db115a986bc9aa82f973f4a\jackson-annotations-2.18.2.jar;C:\Users\ITWILL\.gradle\caches\modules-2\files-2.1\com.fasterxml.jackson.core\jackson-core\2.18.2\fb64ccac5c27dca8819418eb4e443a9f496d9ee7\jackson-core-2.18.2.jar;C:\Users\ITWILL\.gradle\caches\modules-2\files-2.1\com.fasterxml.jackson.datatype\jackson-datatype-jdk8\2.18.2\9ed6d538ebcc66864e114a7040953dce6ab6ea53\jackson-datatype-jdk8-2.18.2.jar;C:\Users\ITWILL\.gradle\caches\modules-2\files-2.1\com.fasterxml.jackson.core\jackson-databind\2.18.2\deef8697b92141fb6caf7aa86966cff4eec9b04f\jackson-databind-2.18.2.jar;C:\Users\ITWILL\.gradle\caches\modules-2\files-2.1\org.apache.tomcat.embed\tomcat-embed-websocket\10.1.36\222960bc8895aa543e405382094c7fb118544d0d\tomcat-embed-websocket-10.1.36.jar;C:\Users\ITWILL\.gradle\caches\modules-2\files-2.1\org.apache.tomcat.embed\tomcat-embed-core\10.1.36\3ccaa558e32e317e35d6674d65d7d9aa182e082f\tomcat-embed-core-10.1.36.jar;C:\Users\ITWILL\.gradle\caches\modules-2\files-2.1\io.micrometer\micrometer-observation\1.14.4\c17efe9e6695a0a849a95d0e77422516a345e779\micrometer-observation-1.14.4.jar;C:\Users\ITWILL\.gradle\caches\modules-2\files-2.1\com.mysema.commons\mysema-commons-lang\0.2.4\d09c8489d54251a6c22fbce804bdd4a070557317\mysema-commons-lang-0.2.4.jar;C:\Users\ITWILL\.gradle\caches\modules-2\files-2.1\org.eclipse.jdt\ecj\3.26.0\4837be609a3368a0f7e7cf0dc1bdbc7fe94993de\ecj-3.26.0.jar;C:\Users\ITWILL\.gradle\caches\modules-2\files-2.1\org.springframework\spring-jcl\6.2.3\ce8bf55aa240fdeab07b3da1f462c79112a33aff\spring-jcl-6.2.3.jar;C:\Users\ITWILL\.gradle\caches\modules-2\files-2.1\org.attoparser\attoparser\2.0.7.RELEASE\e5d0e988d9124139d645bb5872b24dfa23e283cc\attoparser-2.0.7.RELEASE.jar;C:\Users\ITWILL\.gradle\caches\modules-2\files-2.1\org.unbescape\unbescape\1.1.6.RELEASE\7b90360afb2b860e09e8347112800d12c12b2a13\unbescape-1.1.6.RELEASE.jar;C:\Users\ITWILL\.gradle\caches\modules-2\files-2.1\io.micrometer\micrometer-commons\1.14.4\3664f95586514d8f9adc81a5f7a5ef9f66b65599\micrometer-commons-1.14.4.jar;C:\Users\ITWILL\.gradle\caches\modules-2\files-2.1\ch.qos.logback\logback-core\1.5.16\4f17700f046900aea2fadf115e2d67fec921f7fd\logback-core-1.5.16.jar;C:\Users\ITWILL\.gradle\caches\modules-2\files-2.1\org.apache.logging.log4j\log4j-api\2.24.3\b02c125db8b6d295adf72ae6e71af5d83bce2370\log4j-api-2.24.3.jar;C:\Users\ITWILL\.gradle\caches\modules-2\files-2.1\org.springframework.boot\spring-boot-devtools\3.4.3\2ff7eda01cc1f445ddf1cc4a18fc4950634dbb33\spring-boot-devtools-3.4.3.jar;C:\Users\ITWILL\.gradle\caches\modules-2\files-2.1\com.h2database\h2\2.3.232\4fcc05d966ccdb2812ae8b9a718f69226c0cf4e2\h2-2.3.232.jar;C:\Users\ITWILL\.gradle\caches\modules-2\files-2.1\nz.net.ultraq.groovy\groovy-extensions\2.1.0\c869dc033867e8861957ff3ff4e1ce0a00260e3a\groovy-extensions-2.1.0.jar;C:\Users\ITWILL\.gradle\caches\modules-2\files-2.1\nz.net.ultraq.thymeleaf\thymeleaf-expression-processor\3.2.0\566d36d35ba24120e8cef0d55869868e042785cf\thymeleaf-expression-processor-3.2.0.jar;C:\Users\ITWILL\.gradle\caches\modules-2\files-2.1\org.hibernate.common\hibernate-commons-annotations\7.0.3.Final\e183c4be8bb41d12e9f19b374e00c34a0a85f439\hibernate-commons-annotations-7.0.3.Final.jar;C:\Users\ITWILL\.gradle\caches\modules-2\files-2.1\io.smallrye\jandex\3.2.0\f17ad860f62a08487b9edabde608f8ac55c62fa7\jandex-3.2.0.jar;C:\Users\ITWILL\.gradle\caches\modules-2\files-2.1\net.bytebuddy\byte-buddy\1.15.11\f61886478e0f9ee4c21d09574736f0ff45e0a46c\byte-buddy-1.15.11.jar;C:\Users\ITWILL\.gradle\caches\modules-2\files-2.1\org.glassfish.jaxb\jaxb-runtime\4.0.5\ca84c2a7169b5293e232b9d00d1e4e36d4c3914a\jaxb-runtime-4.0.5.jar;C:\Users\ITWILL\.gradle\caches\modules-2\files-2.1\org.glassfish.jaxb\jaxb-core\4.0.5\7b4b11ea5542eea4ad55e1080b23be436795b3\jaxb-core-4.0.5.jar;C:\Users\ITWILL\.gradle\caches\modules-2\files-2.1\jakarta.xml.bind\jakarta.xml.bind-api\4.0.2\6cd5a999b834b63238005b7144136379dc36cad2\jakarta.xml.bind-api-4.0.2.jar;C:\Users\ITWILL\.gradle\caches\modules-2\files-2.1\jakarta.inject\jakarta.inject-api\2.0.1\4c28afe1991a941d7702fe1362c365f0a8641d1e\jakarta.inject-api-2.0.1.jar;C:\Users\ITWILL\.gradle\caches\modules-2\files-2.1\ognl\ognl\3.3.4\1904789bdd96f226ad252a02f230be1015f4462b\ognl-3.3.4.jar;C:\Users\ITWILL\.gradle\caches\modules-2\files-2.1\org.eclipse.angus\angus-activation\2.0.2\41f1e0ddd157c856926ed149ab837d110955a9fc\angus-activation-2.0.2.jar;C:\Users\ITWILL\.gradle\caches\modules-2\files-2.1\jakarta.activation\jakarta.activation-api\2.1.3\fa165bd70cda600368eee31555222776a46b881f\jakarta.activation-api-2.1.3.jar;C:\Users\ITWILL\.gradle\caches\modules-2\files-2.1\org.javassist\javassist\3.29.0-GA\d3959fa7e00bf04dbe519228a23213d2afb625d8\javassist-3.29.0-GA.jar;C:\Users\ITWILL\.gradle\caches\modules-2\files-2.1\org.glassfish.jaxb\txw2\4.0.5\f36a4ef12120a9bb06d766d6a0e54b144fd7ed98\txw2-4.0.5.jar;C:\Users\ITWILL\.gradle\caches\modules-2\files-2.1\com.sun.istack\istack-commons-runtime\4.1.2\18ec117c85f3ba0ac65409136afa8e42bc74e739\istack-commons-runtime-4.1.2.jar
Launcher Type: SUN_STANDARD

[Global flags]
     intx CICompilerCount                          = 12                                        {product} {ergonomic}
     uint ConcGCThreads                            = 3                                         {product} {ergonomic}
     uint G1ConcRefinementThreads                  = 13                                        {product} {ergonomic}
   size_t G1HeapRegionSize                         = 2097152                                   {product} {ergonomic}
    uintx GCDrainStackTargetSize                   = 64                                        {product} {ergonomic}
   size_t InitialHeapSize                          = 264241152                                 {product} {ergonomic}
     bool ManagementServer                         = true                                      {product} {command line}
   size_t MarkStackSize                            = 4194304                                   {product} {ergonomic}
   size_t MaxHeapSize                              = 4206886912                                {product} {ergonomic}
   size_t MaxNewSize                               = 2522873856                                {product} {ergonomic}
   size_t MinHeapDeltaBytes                        = 2097152                                   {product} {ergonomic}
   size_t MinHeapSize                              = 8388608                                   {product} {ergonomic}
    uintx NonNMethodCodeHeapSize                   = 4096                                   {pd product} {ergonomic}
    uintx NonProfiledCodeHeapSize                  = 0                                      {pd product} {ergonomic}
     bool ProfileInterpreter                       = false                                  {pd product} {command line}
    uintx ProfiledCodeHeapSize                     = 0                                      {pd product} {ergonomic}
     bool ShowCodeDetailsInExceptionMessages       = true                                   {manageable} {command line}
   size_t SoftMaxHeapSize                          = 4206886912                             {manageable} {ergonomic}
     intx TieredStopAtLevel                        = 1                                         {product} {command line}
     bool UseCompressedOops                        = true                           {product lp64_product} {ergonomic}
     bool UseG1GC                                  = true                                      {product} {ergonomic}
     bool UseLargePagesIndividualAllocation        = false                                  {pd product} {ergonomic}

Logging:
Log output configuration:
 #0: stdout all=warning uptime,level,tags foldmultilines=false
 #1: stderr all=off uptime,level,tags foldmultilines=false

Environment Variables:
JAVA_HOME=C:\Program Files\jdk-21
PATH=C:/Program Files/jdk-21/bin/server;C:/Program Files/jdk-21/bin;C:\app\ITWILL\product\21c\dbhomeXE\bin;C:\WINDOWS\system32;C:\WINDOWS;C:\WINDOWS\System32\Wbem;C:\WINDOWS\System32\WindowsPowerShell\v1.0\;C:\WINDOWS\System32\OpenSSH\;C:\Program Files\jdk-21\bin;C:\Users\ITWILL\AppData\Local\Microsoft\WindowsApps;C:\Program Files\Bandizip\;;C:\sts-4.28.1.RELEASE;
USERNAME=ITWILL
OS=Windows_NT
PROCESSOR_IDENTIFIER=Intel64 Family 6 Model 167 Stepping 1, GenuineIntel
TMP=C:\Users\ITWILL\AppData\Local\Temp
TEMP=C:\Users\ITWILL\AppData\Local\Temp




---------------  S Y S T E M  ---------------

OS:
 Windows 11 , 64 bit Build 26100 (10.0.26100.3323)
OS uptime: 5 days 23:59 hours

CPU: total 16 (initial active 16) (8 cores per cpu, 2 threads per core) family 6 model 167 stepping 1 microcode 0x3c, cx8, cmov, fxsr, ht, mmx, 3dnowpref, sse, sse2, sse3, ssse3, sse4.1, sse4.2, popcnt, lzcnt, tsc, tscinvbit, avx, avx2, aes, erms, clmul, bmi1, bmi2, adx, avx512f, avx512dq, avx512cd, avx512bw, avx512vl, sha, fma, vzeroupper, avx512_vpopcntdq, avx512_vpclmulqdq, avx512_vaes, avx512_vnni, clflush, clflushopt, avx512_vbmi2, avx512_vbmi, rdtscp, rdpid, fsrm, gfni, avx512_bitalg, f16c, pku, avx512_ifma
Processor Information for all 16 processors :
  Max Mhz: 2496, Current Mhz: 2496, Mhz Limit: 2496

Memory: 4k page, system-wide physical 16043M (3520M free)
TotalPageFile size 44602M (AvailPageFile size 2M)
current process WorkingSet (physical memory assigned to process): 93M, peak: 93M
current process commit charge ("private bytes"): 367M, peak: 367M

vm_info: OpenJDK 64-Bit Server VM (21+35-2513) for windows-amd64 JRE (21+35-2513), built on 2023-08-09T20:25:10Z by "mach5one" with MS VC++ 17.1 (VS2022)

END.
