2025-03-24 18:28:26.679 [background-preinit][INFO] o.h.v.i.u.Version - HV000001: Hibernate Validator 8.0.2.Final 
2025-03-24 18:28:26.721 [restartedMain][INFO] k.c.i.d.PacktoryDeApplication - Starting PacktoryDeApplication using Java 21.0.6 with PID 38672 (C:\Users\bbora\git\packtory_\bin\main started by bbora in C:\Users\bbora\git\packtory_) 
2025-03-24 18:28:26.722 [restartedMain][INFO] k.c.i.d.PacktoryDeApplication - The following 3 profiles are active: "dev1", "local", "common" 
2025-03-24 18:28:26.920 [restartedMain][INFO] o.s.b.d.e.DevToolsPropertyDefaultsPostProcessor - Devtools property defaults active! Set 'spring.devtools.add-properties' to 'false' to disable 
2025-03-24 18:28:26.921 [restartedMain][INFO] o.s.b.d.e.DevToolsPropertyDefaultsPostProcessor - For additional web related logging consider setting the 'logging.level.web' property to 'DEBUG' 
2025-03-24 18:28:27.713 [restartedMain][INFO] o.s.d.r.c.RepositoryConfigurationDelegate - Multiple Spring Data modules found, entering strict repository configuration mode 
2025-03-24 18:28:27.716 [restartedMain][INFO] o.s.d.r.c.RepositoryConfigurationDelegate - Bootstrapping Spring Data JDBC repositories in DEFAULT mode. 
2025-03-24 18:28:27.768 [restartedMain][INFO] o.s.d.r.c.RepositoryConfigurationExtensionSupport - Spring Data JDBC - Could not safely identify store assignment for repository candidate interface kr.co.itwillbs.de.commute.repository.CommuteRepository; If you want this repository to be a JDBC repository, consider annotating your entities with one of these annotations: org.springframework.data.relational.core.mapping.Table. 
2025-03-24 18:28:27.771 [restartedMain][INFO] o.s.d.r.c.RepositoryConfigurationExtensionSupport - Spring Data JDBC - Could not safely identify store assignment for repository candidate interface kr.co.itwillbs.de.sample.repository.ItemRepository; If you want this repository to be a JDBC repository, consider annotating your entities with one of these annotations: org.springframework.data.relational.core.mapping.Table. 
2025-03-24 18:28:27.772 [restartedMain][INFO] o.s.d.r.c.RepositoryConfigurationDelegate - Finished Spring Data repository scanning in 51 ms. Found 0 JDBC repository interfaces. 
2025-03-24 18:28:27.790 [restartedMain][INFO] o.s.d.r.c.RepositoryConfigurationDelegate - Multiple Spring Data modules found, entering strict repository configuration mode 
2025-03-24 18:28:27.791 [restartedMain][INFO] o.s.d.r.c.RepositoryConfigurationDelegate - Bootstrapping Spring Data JPA repositories in DEFAULT mode. 
2025-03-24 18:28:27.849 [restartedMain][INFO] o.s.d.r.c.RepositoryConfigurationDelegate - Finished Spring Data repository scanning in 56 ms. Found 2 JPA repository interfaces. 
2025-03-24 18:28:28.478 [restartedMain][INFO] o.s.b.w.e.t.TomcatWebServer - Tomcat initialized with port 8090 (http) 
2025-03-24 18:28:28.502 [restartedMain][INFO] o.a.c.h.Http11NioProtocol - Initializing ProtocolHandler ["http-nio-8090"] 
2025-03-24 18:28:28.504 [restartedMain][INFO] o.a.c.c.StandardService - Starting service [Tomcat] 
2025-03-24 18:28:28.505 [restartedMain][INFO] o.a.c.c.StandardEngine - Starting Servlet engine: [Apache Tomcat/10.1.36] 
2025-03-24 18:28:28.553 [restartedMain][INFO] o.a.c.c.C.[.[.[/] - Initializing Spring embedded WebApplicationContext 
2025-03-24 18:28:28.553 [restartedMain][INFO] o.s.b.w.s.c.ServletWebServerApplicationContext - Root WebApplicationContext: initialization completed in 1632 ms 
2025-03-24 18:28:28.618 [restartedMain][INFO] c.z.h.HikariDataSource - Hikari Connection Pool - Starting... 
2025-03-24 18:28:28.864 [restartedMain][INFO] c.z.h.p.HikariPool - Hikari Connection Pool - Added connection conn0: url=jdbc:h2:./data/packtory_db user=SA 
2025-03-24 18:28:28.866 [restartedMain][INFO] c.z.h.HikariDataSource - Hikari Connection Pool - Start completed. 
2025-03-24 18:28:28.942 [restartedMain][INFO] o.h.j.i.u.LogHelper - HHH000204: Processing PersistenceUnitInfo [name: default] 
2025-03-24 18:28:28.987 [restartedMain][INFO] o.h.Version - HHH000412: Hibernate ORM core version 6.6.8.Final 
2025-03-24 18:28:29.019 [restartedMain][INFO] o.h.c.i.RegionFactoryInitiator - HHH000026: Second-level cache disabled 
2025-03-24 18:28:29.295 [restartedMain][INFO] o.s.o.j.p.SpringPersistenceUnitInfo - No LoadTimeWeaver setup: ignoring JPA class transformer 
2025-03-24 18:28:29.374 [restartedMain][INFO] o.h.o.c.pooling - HHH10001005: Database info:
	Database JDBC URL [Connecting through datasource 'HikariDataSource (Hikari Connection Pool)']
	Database driver: undefined/unknown
	Database version: 2.3.232
	Autocommit mode: undefined/unknown
	Isolation level: undefined/unknown
	Minimum pool size: undefined/unknown
	Maximum pool size: undefined/unknown 
2025-03-24 18:28:30.073 [restartedMain][DEBUG] o.h.SQL - create global temporary table HTE_item(price integer, rn_ integer not null, stock_qty integer, item_id bigint, reg_time timestamp(6), update_time timestamp(6), item_nm varchar(50), item_detail varchar(255), item_sell_status enum ('SELL','SOLD_OUT'), primary key (rn_)) TRANSACTIONAL 
2025-03-24 18:28:30.073 [restartedMain][DEBUG] o.h.SQL - create global temporary table HTE_item(price integer, rn_ integer not null, stock_qty integer, item_id bigint, reg_time timestamp(6), update_time timestamp(6), item_nm varchar(50), item_detail varchar(255), item_sell_status enum ('SELL','SOLD_OUT'), primary key (rn_)) TRANSACTIONAL 
2025-03-24 18:28:30.075 [restartedMain][DEBUG] o.h.SQL - create global temporary table HTE_t_commute(rn_ integer not null, idx bigint, reg_date timestamp(6), employee_id varchar(255), work_status_code varchar(255), primary key (rn_)) TRANSACTIONAL 
2025-03-24 18:28:30.075 [restartedMain][DEBUG] o.h.SQL - create global temporary table HTE_t_commute(rn_ integer not null, idx bigint, reg_date timestamp(6), employee_id varchar(255), work_status_code varchar(255), primary key (rn_)) TRANSACTIONAL 
2025-03-24 18:28:30.076 [restartedMain][DEBUG] o.h.SQL - create global temporary table HTE_t_employee(hire_date date, resignation_date date, rn_ integer not null, status_end_date date, status_start_date date, idx bigint, address1 varchar(255), address2 varchar(255), department_code varchar(255), email varchar(255), employee_status_code varchar(255), file_idxs varchar(255), gender varchar(255), has_vehicle varchar(255), id varchar(255), name varchar(255), phone_number varchar(255), position_code varchar(255), salary_account_holder varchar(255), salary_account_number varchar(255), salary_bank_code varchar(255), salary_bank_name varchar(255), ssn varchar(255), sub_department_code varchar(255), work_experience varchar(255), primary key (rn_)) TRANSACTIONAL 
2025-03-24 18:28:30.076 [restartedMain][DEBUG] o.h.SQL - create global temporary table HTE_t_employee(hire_date date, resignation_date date, rn_ integer not null, status_end_date date, status_start_date date, idx bigint, address1 varchar(255), address2 varchar(255), department_code varchar(255), email varchar(255), employee_status_code varchar(255), file_idxs varchar(255), gender varchar(255), has_vehicle varchar(255), id varchar(255), name varchar(255), phone_number varchar(255), position_code varchar(255), salary_account_holder varchar(255), salary_account_number varchar(255), salary_bank_code varchar(255), salary_bank_name varchar(255), ssn varchar(255), sub_department_code varchar(255), work_experience varchar(255), primary key (rn_)) TRANSACTIONAL 
2025-03-24 18:28:30.198 [restartedMain][INFO] o.h.e.t.j.p.i.JtaPlatformInitiator - HHH000489: No JTA platform available (set 'hibernate.transaction.jta.platform' to enable JTA platform integration) 
2025-03-24 18:28:30.209 [restartedMain][DEBUG] o.h.SQL - drop table if exists item cascade  
2025-03-24 18:28:30.209 [restartedMain][DEBUG] o.h.SQL - drop table if exists item cascade  
2025-03-24 18:28:30.212 [restartedMain][DEBUG] o.h.SQL - drop table if exists t_commute cascade  
2025-03-24 18:28:30.212 [restartedMain][DEBUG] o.h.SQL - drop table if exists t_commute cascade  
2025-03-24 18:28:30.212 [restartedMain][DEBUG] o.h.SQL - drop table if exists t_demo cascade  
2025-03-24 18:28:30.212 [restartedMain][DEBUG] o.h.SQL - drop table if exists t_demo cascade  
2025-03-24 18:28:30.213 [restartedMain][DEBUG] o.h.SQL - drop table if exists t_employee cascade  
2025-03-24 18:28:30.213 [restartedMain][DEBUG] o.h.SQL - drop table if exists t_employee cascade  
2025-03-24 18:28:30.214 [restartedMain][DEBUG] o.h.SQL - drop sequence if exists item_seq 
2025-03-24 18:28:30.214 [restartedMain][DEBUG] o.h.SQL - drop sequence if exists item_seq 
2025-03-24 18:28:30.214 [restartedMain][DEBUG] o.h.SQL - drop sequence if exists t_commute_seq 
2025-03-24 18:28:30.214 [restartedMain][DEBUG] o.h.SQL - drop sequence if exists t_commute_seq 
2025-03-24 18:28:30.215 [restartedMain][DEBUG] o.h.SQL - drop sequence if exists t_employee_seq 
2025-03-24 18:28:30.215 [restartedMain][DEBUG] o.h.SQL - drop sequence if exists t_employee_seq 
2025-03-24 18:28:30.218 [restartedMain][DEBUG] o.h.SQL - create sequence item_seq start with 1 increment by 50 
2025-03-24 18:28:30.218 [restartedMain][DEBUG] o.h.SQL - create sequence item_seq start with 1 increment by 50 
2025-03-24 18:28:30.219 [restartedMain][DEBUG] o.h.SQL - create sequence t_commute_seq start with 1 increment by 50 
2025-03-24 18:28:30.219 [restartedMain][DEBUG] o.h.SQL - create sequence t_commute_seq start with 1 increment by 50 
2025-03-24 18:28:30.219 [restartedMain][DEBUG] o.h.SQL - create sequence t_employee_seq start with 1 increment by 50 
2025-03-24 18:28:30.219 [restartedMain][DEBUG] o.h.SQL - create sequence t_employee_seq start with 1 increment by 50 
2025-03-24 18:28:30.221 [restartedMain][DEBUG] o.h.SQL - create table item (price integer not null, stock_qty integer not null, item_id bigint not null, reg_time timestamp(6), update_time timestamp(6), item_nm varchar(50) not null, item_detail varchar(255) not null, item_sell_status enum ('SELL','SOLD_OUT'), primary key (item_id)) 
2025-03-24 18:28:30.221 [restartedMain][DEBUG] o.h.SQL - create table item (price integer not null, stock_qty integer not null, item_id bigint not null, reg_time timestamp(6), update_time timestamp(6), item_nm varchar(50) not null, item_detail varchar(255) not null, item_sell_status enum ('SELL','SOLD_OUT'), primary key (item_id)) 
2025-03-24 18:28:30.222 [restartedMain][DEBUG] o.h.SQL - create table t_commute (idx bigint not null, reg_date timestamp(6), employee_id varchar(255), work_status_code varchar(255), primary key (idx)) 
2025-03-24 18:28:30.222 [restartedMain][DEBUG] o.h.SQL - create table t_commute (idx bigint not null, reg_date timestamp(6), employee_id varchar(255), work_status_code varchar(255), primary key (idx)) 
2025-03-24 18:28:30.222 [restartedMain][DEBUG] o.h.SQL - create table t_demo (idx bigint generated by default as identity, mod_date timestamp(6), read_cnt bigint, reg_date timestamp(6), id varchar(255), is_deleted varchar(255), mod_id varchar(255), name varchar(255), password varchar(255), reg_id varchar(255), role varchar(255), primary key (idx)) 
2025-03-24 18:28:30.222 [restartedMain][DEBUG] o.h.SQL - create table t_demo (idx bigint generated by default as identity, mod_date timestamp(6), read_cnt bigint, reg_date timestamp(6), id varchar(255), is_deleted varchar(255), mod_id varchar(255), name varchar(255), password varchar(255), reg_id varchar(255), role varchar(255), primary key (idx)) 
2025-03-24 18:28:30.226 [restartedMain][DEBUG] o.h.SQL - create table t_employee (hire_date date, resignation_date date, status_end_date date, status_start_date date, idx bigint not null, address1 varchar(255), address2 varchar(255), department_code varchar(255), email varchar(255), employee_status_code varchar(255), file_idxs varchar(255), gender varchar(255), has_vehicle varchar(255), id varchar(255), name varchar(255), phone_number varchar(255), position_code varchar(255), salary_account_holder varchar(255), salary_account_number varchar(255), salary_bank_code varchar(255), salary_bank_name varchar(255), ssn varchar(255), sub_department_code varchar(255), work_experience varchar(255), primary key (idx)) 
2025-03-24 18:28:30.226 [restartedMain][DEBUG] o.h.SQL - create table t_employee (hire_date date, resignation_date date, status_end_date date, status_start_date date, idx bigint not null, address1 varchar(255), address2 varchar(255), department_code varchar(255), email varchar(255), employee_status_code varchar(255), file_idxs varchar(255), gender varchar(255), has_vehicle varchar(255), id varchar(255), name varchar(255), phone_number varchar(255), position_code varchar(255), salary_account_holder varchar(255), salary_account_number varchar(255), salary_bank_code varchar(255), salary_bank_name varchar(255), ssn varchar(255), sub_department_code varchar(255), work_experience varchar(255), primary key (idx)) 
2025-03-24 18:28:30.233 [restartedMain][INFO] o.s.o.j.LocalContainerEntityManagerFactoryBean - Initialized JPA EntityManagerFactory for persistence unit 'default' 
2025-03-24 18:28:30.603 [restartedMain][INFO] o.s.d.j.r.q.QueryEnhancerFactory - Hibernate is in classpath; If applicable, HQL parser will be used. 
2025-03-24 18:28:31.630 [restartedMain][INFO] o.s.b.a.h.H2ConsoleAutoConfiguration - H2 console available at '/h2'. Database available at 'jdbc:h2:./data/packtory_db' 
2025-03-24 18:28:31.670 [restartedMain][INFO] o.a.c.h.Http11NioProtocol - Starting ProtocolHandler ["http-nio-8090"] 
2025-03-24 18:28:31.688 [restartedMain][INFO] o.s.b.w.e.t.TomcatWebServer - Tomcat started on port 8090 (http) with context path '/' 
2025-03-24 18:28:31.696 [restartedMain][INFO] k.c.i.d.PacktoryDeApplication - Started PacktoryDeApplication in 5.418 seconds (process running for 6.113) 
2025-03-24 18:28:47.348 [http-nio-8090-exec-1][INFO] o.a.c.c.C.[.[.[/] - Initializing Spring DispatcherServlet 'dispatcherServlet' 
2025-03-24 18:28:47.349 [http-nio-8090-exec-1][INFO] o.s.w.s.DispatcherServlet - Initializing Servlet 'dispatcherServlet' 
2025-03-24 18:28:47.349 [http-nio-8090-exec-1][INFO] o.s.w.s.DispatcherServlet - Completed initialization in 0 ms 
2025-03-24 18:28:47.381 [http-nio-8090-exec-1][INFO] k.c.i.d.c.c.MainController - mainView---start 
2025-03-24 18:28:47.649 [http-nio-8090-exec-2][WARN] o.s.w.s.PageNotFound - No mapping for GET /favicon.ico 
2025-03-24 18:28:47.655 [http-nio-8090-exec-2][WARN] o.s.w.s.PageNotFound - No endpoint GET /favicon.ico. 
2025-03-24 18:28:48.779 [http-nio-8090-exec-3][INFO] k.c.i.d.s.c.BootStrapController - mainView---start 
2025-03-24 18:28:49.284 [http-nio-8090-exec-3][WARN] o.t.s.p.StandardIncludeTagProcessor - [THYMELEAF][http-nio-8090-exec-3][common/layouts/bs_layout] Deprecated attribute {th:include,data-th-include} found in template common/layouts/bs_layout, line 6, col 12. Please use {th:insert,data-th-insert} instead, this deprecated attribute will be removed in future versions of Thymeleaf. 
2025-03-24 18:28:49.296 [http-nio-8090-exec-3][WARN] o.t.s.p.StandardIncludeTagProcessor - [THYMELEAF][http-nio-8090-exec-3][common/layouts/bs_layout] Deprecated attribute {th:include,data-th-include} found in template common/layouts/bs_layout, line 15, col 8. Please use {th:insert,data-th-insert} instead, this deprecated attribute will be removed in future versions of Thymeleaf. 
2025-03-24 18:28:49.300 [http-nio-8090-exec-3][WARN] o.t.s.p.StandardIncludeTagProcessor - [THYMELEAF][http-nio-8090-exec-3][common/layouts/bs_layout] Deprecated attribute {th:include,data-th-include} found in template common/layouts/bs_layout, line 19, col 10. Please use {th:insert,data-th-insert} instead, this deprecated attribute will be removed in future versions of Thymeleaf. 
2025-03-24 18:28:49.313 [http-nio-8090-exec-3][WARN] o.t.s.p.StandardIncludeTagProcessor - [THYMELEAF][http-nio-8090-exec-3][common/layouts/bs_layout] Deprecated attribute {th:include,data-th-include} found in template common/layouts/bs_layout, line 28, col 10. Please use {th:insert,data-th-insert} instead, this deprecated attribute will be removed in future versions of Thymeleaf. 
2025-03-24 18:28:49.315 [http-nio-8090-exec-3][WARN] o.t.s.p.StandardIncludeTagProcessor - [THYMELEAF][http-nio-8090-exec-3][common/layouts/bs_layout] Deprecated attribute {th:include,data-th-include} found in template common/layouts/bs_layout, line 34, col 13. Please use {th:insert,data-th-insert} instead, this deprecated attribute will be removed in future versions of Thymeleaf. 
2025-03-24 18:28:50.975 [http-nio-8090-exec-6][INFO] k.c.i.d.o.c.OrderController - orderMain---start 
2025-03-24 18:28:50.975 [http-nio-8090-exec-6][INFO] k.c.i.d.o.s.OrderService - getClientList---start 
2025-03-24 18:28:51.055 [http-nio-8090-exec-6][WARN] o.t.s.p.StandardIncludeTagProcessor - [THYMELEAF][http-nio-8090-exec-6][common/layouts/bs_layout] Deprecated attribute {th:include,data-th-include} found in template common/layouts/bs_layout, line 6, col 12. Please use {th:insert,data-th-insert} instead, this deprecated attribute will be removed in future versions of Thymeleaf. 
2025-03-24 18:28:51.059 [http-nio-8090-exec-6][WARN] o.t.s.p.StandardIncludeTagProcessor - [THYMELEAF][http-nio-8090-exec-6][common/layouts/bs_layout] Deprecated attribute {th:include,data-th-include} found in template common/layouts/bs_layout, line 15, col 8. Please use {th:insert,data-th-insert} instead, this deprecated attribute will be removed in future versions of Thymeleaf. 
2025-03-24 18:28:51.064 [http-nio-8090-exec-6][WARN] o.t.s.p.StandardIncludeTagProcessor - [THYMELEAF][http-nio-8090-exec-6][common/layouts/bs_layout] Deprecated attribute {th:include,data-th-include} found in template common/layouts/bs_layout, line 19, col 10. Please use {th:insert,data-th-insert} instead, this deprecated attribute will be removed in future versions of Thymeleaf. 
2025-03-24 18:28:51.183 [http-nio-8090-exec-6][WARN] o.t.s.p.StandardIncludeTagProcessor - [THYMELEAF][http-nio-8090-exec-6][common/layouts/bs_layout] Deprecated attribute {th:include,data-th-include} found in template common/layouts/bs_layout, line 28, col 10. Please use {th:insert,data-th-insert} instead, this deprecated attribute will be removed in future versions of Thymeleaf. 
2025-03-24 18:28:51.184 [http-nio-8090-exec-6][WARN] o.t.s.p.StandardIncludeTagProcessor - [THYMELEAF][http-nio-8090-exec-6][common/layouts/bs_layout] Deprecated attribute {th:include,data-th-include} found in template common/layouts/bs_layout, line 34, col 13. Please use {th:insert,data-th-insert} instead, this deprecated attribute will be removed in future versions of Thymeleaf. 
