2025-03-24 23:27:00.300 [restartedMain][INFO] o.s.d.r.c.RepositoryConfigurationDelegate - Multiple Spring Data modules found, entering strict repository configuration mode 
2025-03-24 23:27:00.305 [restartedMain][INFO] o.s.d.r.c.RepositoryConfigurationDelegate - Bootstrapping Spring Data JDBC repositories in DEFAULT mode. 
2025-03-24 23:27:00.398 [restartedMain][INFO] o.s.d.r.c.RepositoryConfigurationExtensionSupport - Spring Data JDBC - Could not safely identify store assignment for repository candidate interface kr.co.itwillbs.de.commute.repository.CommuteRepository; If you want this repository to be a JDBC repository, consider annotating your entities with one of these annotations: org.springframework.data.relational.core.mapping.Table. 
2025-03-24 23:27:00.421 [restartedMain][INFO] o.s.d.r.c.RepositoryConfigurationExtensionSupport - Spring Data JDBC - Could not safely identify store assignment for repository candidate interface kr.co.itwillbs.de.sample.repository.ItemRepository; If you want this repository to be a JDBC repository, consider annotating your entities with one of these annotations: org.springframework.data.relational.core.mapping.Table. 
2025-03-24 23:27:00.422 [restartedMain][INFO] o.s.d.r.c.RepositoryConfigurationDelegate - Finished Spring Data repository scanning in 104 ms. Found 0 JDBC repository interfaces. 
2025-03-24 23:27:00.447 [restartedMain][INFO] o.s.d.r.c.RepositoryConfigurationDelegate - Multiple Spring Data modules found, entering strict repository configuration mode 
2025-03-24 23:27:00.448 [restartedMain][INFO] o.s.d.r.c.RepositoryConfigurationDelegate - Bootstrapping Spring Data JPA repositories in DEFAULT mode. 
2025-03-24 23:27:00.515 [restartedMain][INFO] o.s.d.r.c.RepositoryConfigurationDelegate - Finished Spring Data repository scanning in 60 ms. Found 2 JPA repository interfaces. 
2025-03-24 23:27:01.445 [restartedMain][INFO] o.s.b.w.e.t.TomcatWebServer - Tomcat initialized with port 8090 (http) 
2025-03-24 23:27:01.460 [restartedMain][INFO] o.a.c.h.Http11NioProtocol - Initializing ProtocolHandler ["http-nio-8090"] 
2025-03-24 23:27:01.463 [restartedMain][INFO] o.a.c.c.StandardService - Starting service [Tomcat] 
2025-03-24 23:27:01.463 [restartedMain][INFO] o.a.c.c.StandardEngine - Starting Servlet engine: [Apache Tomcat/10.1.36] 
2025-03-24 23:27:01.536 [restartedMain][INFO] o.a.c.c.C.[.[.[/] - Initializing Spring embedded WebApplicationContext 
2025-03-24 23:27:01.536 [restartedMain][INFO] o.s.b.w.s.c.ServletWebServerApplicationContext - Root WebApplicationContext: initialization completed in 2230 ms 
2025-03-24 23:27:01.620 [restartedMain][INFO] c.z.h.HikariDataSource - Hikari Connection Pool - Starting... 
2025-03-24 23:27:01.999 [restartedMain][INFO] c.z.h.p.HikariPool - Hikari Connection Pool - Added connection com.mysql.cj.jdbc.ConnectionImpl@f79b8c9 
2025-03-24 23:27:02.003 [restartedMain][INFO] c.z.h.HikariDataSource - Hikari Connection Pool - Start completed. 
2025-03-24 23:27:02.121 [restartedMain][INFO] o.h.j.i.u.LogHelper - HHH000204: Processing PersistenceUnitInfo [name: default] 
2025-03-24 23:27:02.197 [restartedMain][INFO] o.h.Version - HHH000412: Hibernate ORM core version 6.6.8.Final 
2025-03-24 23:27:02.250 [restartedMain][INFO] o.h.c.i.RegionFactoryInitiator - HHH000026: Second-level cache disabled 
2025-03-24 23:27:02.627 [restartedMain][INFO] o.s.o.j.p.SpringPersistenceUnitInfo - No LoadTimeWeaver setup: ignoring JPA class transformer 
2025-03-24 23:27:02.754 [restartedMain][WARN] o.h.o.deprecation - HHH90000025: MySQLDialect does not need to be specified explicitly using 'hibernate.dialect' (remove the property setting and it will be selected by default) 
2025-03-24 23:27:02.780 [restartedMain][INFO] o.h.o.c.pooling - HHH10001005: Database info:
	Database JDBC URL [Connecting through datasource 'HikariDataSource (Hikari Connection Pool)']
	Database driver: undefined/unknown
	Database version: 8.0.38
	Autocommit mode: undefined/unknown
	Isolation level: undefined/unknown
	Minimum pool size: undefined/unknown
	Maximum pool size: undefined/unknown 
2025-03-24 23:27:04.075 [restartedMain][INFO] o.h.e.t.j.p.i.JtaPlatformInitiator - HHH000489: No JTA platform available (set 'hibernate.transaction.jta.platform' to enable JTA platform integration) 
2025-03-24 23:27:04.098 [restartedMain][DEBUG] o.h.SQL - 
    drop table if exists item 
2025-03-24 23:27:04.098 [restartedMain][DEBUG] o.h.SQL - 
    drop table if exists item 
2025-03-24 23:27:04.152 [restartedMain][DEBUG] o.h.SQL - 
    drop table if exists item_seq 
2025-03-24 23:27:04.152 [restartedMain][DEBUG] o.h.SQL - 
    drop table if exists item_seq 
2025-03-24 23:27:04.156 [restartedMain][DEBUG] o.h.SQL - 
    drop table if exists t_commute 
2025-03-24 23:27:04.156 [restartedMain][DEBUG] o.h.SQL - 
    drop table if exists t_commute 
2025-03-24 23:27:04.161 [restartedMain][DEBUG] o.h.SQL - 
    drop table if exists t_commute_seq 
2025-03-24 23:27:04.161 [restartedMain][DEBUG] o.h.SQL - 
    drop table if exists t_commute_seq 
2025-03-24 23:27:04.171 [restartedMain][DEBUG] o.h.SQL - 
    drop table if exists t_demo 
2025-03-24 23:27:04.171 [restartedMain][DEBUG] o.h.SQL - 
    drop table if exists t_demo 
2025-03-24 23:27:04.174 [restartedMain][DEBUG] o.h.SQL - 
    drop table if exists t_employee 
2025-03-24 23:27:04.174 [restartedMain][DEBUG] o.h.SQL - 
    drop table if exists t_employee 
2025-03-24 23:27:04.178 [restartedMain][DEBUG] o.h.SQL - 
    drop table if exists t_employee_seq 
2025-03-24 23:27:04.178 [restartedMain][DEBUG] o.h.SQL - 
    drop table if exists t_employee_seq 
2025-03-24 23:27:04.186 [restartedMain][DEBUG] o.h.SQL - 
    create table item (
        price integer not null,
        stock_qty integer not null,
        item_id bigint not null,
        reg_time datetime(6),
        update_time datetime(6),
        item_nm varchar(50) not null,
        item_detail varchar(255) not null,
        item_sell_status enum ('SELL','SOLD_OUT'),
        primary key (item_id)
    ) engine=InnoDB 
2025-03-24 23:27:04.186 [restartedMain][DEBUG] o.h.SQL - 
    create table item (
        price integer not null,
        stock_qty integer not null,
        item_id bigint not null,
        reg_time datetime(6),
        update_time datetime(6),
        item_nm varchar(50) not null,
        item_detail varchar(255) not null,
        item_sell_status enum ('SELL','SOLD_OUT'),
        primary key (item_id)
    ) engine=InnoDB 
2025-03-24 23:27:04.207 [restartedMain][DEBUG] o.h.SQL - 
    create table item_seq (
        next_val bigint
    ) engine=InnoDB 
2025-03-24 23:27:04.207 [restartedMain][DEBUG] o.h.SQL - 
    create table item_seq (
        next_val bigint
    ) engine=InnoDB 
2025-03-24 23:27:04.235 [restartedMain][DEBUG] o.h.SQL - 
    insert into item_seq values ( 1 ) 
2025-03-24 23:27:04.235 [restartedMain][DEBUG] o.h.SQL - 
    insert into item_seq values ( 1 ) 
2025-03-24 23:27:04.245 [restartedMain][DEBUG] o.h.SQL - 
    create table t_commute (
        idx bigint not null,
        reg_date datetime(6),
        employee_id varchar(255),
        work_status_code varchar(255),
        primary key (idx)
    ) engine=InnoDB 
2025-03-24 23:27:04.245 [restartedMain][DEBUG] o.h.SQL - 
    create table t_commute (
        idx bigint not null,
        reg_date datetime(6),
        employee_id varchar(255),
        work_status_code varchar(255),
        primary key (idx)
    ) engine=InnoDB 
2025-03-24 23:27:04.272 [restartedMain][DEBUG] o.h.SQL - 
    create table t_commute_seq (
        next_val bigint
    ) engine=InnoDB 
2025-03-24 23:27:04.272 [restartedMain][DEBUG] o.h.SQL - 
    create table t_commute_seq (
        next_val bigint
    ) engine=InnoDB 
2025-03-24 23:27:04.297 [restartedMain][DEBUG] o.h.SQL - 
    insert into t_commute_seq values ( 1 ) 
2025-03-24 23:27:04.297 [restartedMain][DEBUG] o.h.SQL - 
    insert into t_commute_seq values ( 1 ) 
2025-03-24 23:27:04.302 [restartedMain][DEBUG] o.h.SQL - 
    create table t_demo (
        idx bigint not null auto_increment,
        mod_date datetime(6),
        read_cnt bigint,
        reg_date datetime(6),
        id varchar(255),
        is_deleted varchar(255),
        mod_id varchar(255),
        name varchar(255),
        password varchar(255),
        reg_id varchar(255),
        role varchar(255),
        primary key (idx)
    ) engine=InnoDB 
2025-03-24 23:27:04.302 [restartedMain][DEBUG] o.h.SQL - 
    create table t_demo (
        idx bigint not null auto_increment,
        mod_date datetime(6),
        read_cnt bigint,
        reg_date datetime(6),
        id varchar(255),
        is_deleted varchar(255),
        mod_id varchar(255),
        name varchar(255),
        password varchar(255),
        reg_id varchar(255),
        role varchar(255),
        primary key (idx)
    ) engine=InnoDB 
2025-03-24 23:27:04.329 [restartedMain][DEBUG] o.h.SQL - 
    create table t_employee (
        hire_date date,
        resignation_date date,
        status_end_date date,
        status_start_date date,
        idx bigint not null,
        address1 varchar(255),
        address2 varchar(255),
        department_code varchar(255),
        email varchar(255),
        employee_status_code varchar(255),
        file_idxs varchar(255),
        gender varchar(255),
        has_vehicle varchar(255),
        id varchar(255),
        name varchar(255),
        phone_number varchar(255),
        position_code varchar(255),
        salary_account_holder varchar(255),
        salary_account_number varchar(255),
        salary_bank_code varchar(255),
        salary_bank_name varchar(255),
        ssn varchar(255),
        sub_department_code varchar(255),
        work_experience varchar(255),
        primary key (idx)
    ) engine=InnoDB 
2025-03-24 23:27:04.329 [restartedMain][DEBUG] o.h.SQL - 
    create table t_employee (
        hire_date date,
        resignation_date date,
        status_end_date date,
        status_start_date date,
        idx bigint not null,
        address1 varchar(255),
        address2 varchar(255),
        department_code varchar(255),
        email varchar(255),
        employee_status_code varchar(255),
        file_idxs varchar(255),
        gender varchar(255),
        has_vehicle varchar(255),
        id varchar(255),
        name varchar(255),
        phone_number varchar(255),
        position_code varchar(255),
        salary_account_holder varchar(255),
        salary_account_number varchar(255),
        salary_bank_code varchar(255),
        salary_bank_name varchar(255),
        ssn varchar(255),
        sub_department_code varchar(255),
        work_experience varchar(255),
        primary key (idx)
    ) engine=InnoDB 
2025-03-24 23:27:04.358 [restartedMain][DEBUG] o.h.SQL - 
    create table t_employee_seq (
        next_val bigint
    ) engine=InnoDB 
2025-03-24 23:27:04.358 [restartedMain][DEBUG] o.h.SQL - 
    create table t_employee_seq (
        next_val bigint
    ) engine=InnoDB 
2025-03-24 23:27:04.383 [restartedMain][DEBUG] o.h.SQL - 
    insert into t_employee_seq values ( 1 ) 
2025-03-24 23:27:04.383 [restartedMain][DEBUG] o.h.SQL - 
    insert into t_employee_seq values ( 1 ) 
2025-03-24 23:27:04.394 [restartedMain][INFO] o.s.o.j.LocalContainerEntityManagerFactoryBean - Initialized JPA EntityManagerFactory for persistence unit 'default' 
2025-03-24 23:27:05.082 [restartedMain][INFO] o.s.d.j.r.q.QueryEnhancerFactory - Hibernate is in classpath; If applicable, HQL parser will be used. 
2025-03-24 23:27:05.997 [restartedMain][WARN] o.s.b.a.o.j.JpaBaseConfiguration$JpaWebConfiguration - spring.jpa.open-in-view is enabled by default. Therefore, database queries may be performed during view rendering. Explicitly configure spring.jpa.open-in-view to disable this warning 
2025-03-24 23:27:06.680 [restartedMain][INFO] o.s.b.a.h.H2ConsoleAutoConfiguration - H2 console available at '/h2-console'. Database available at 'jdbc:mysql://localhost:3306/packtory' 
2025-03-24 23:27:06.754 [restartedMain][INFO] o.a.c.h.Http11NioProtocol - Starting ProtocolHandler ["http-nio-8090"] 
2025-03-24 23:27:06.777 [restartedMain][INFO] o.s.b.w.e.t.TomcatWebServer - Tomcat started on port 8090 (http) with context path '/' 
2025-03-24 23:27:06.788 [restartedMain][INFO] k.c.i.d.PacktoryDeApplication - Started PacktoryDeApplication in 8.529 seconds (process running for 9.502) 
2025-03-24 23:27:15.081 [http-nio-8090-exec-3][INFO] o.a.c.c.C.[.[.[/] - Initializing Spring DispatcherServlet 'dispatcherServlet' 
2025-03-24 23:27:15.082 [http-nio-8090-exec-3][INFO] o.s.w.s.DispatcherServlet - Initializing Servlet 'dispatcherServlet' 
2025-03-24 23:27:15.083 [http-nio-8090-exec-3][INFO] o.s.w.s.DispatcherServlet - Completed initialization in 1 ms 
2025-03-24 23:27:15.129 [http-nio-8090-exec-3][INFO] k.c.i.d.c.c.MainController - mainView---start 
2025-03-24 23:27:15.551 [http-nio-8090-exec-1][WARN] o.s.w.s.PageNotFound - No mapping for GET /favicon.ico 
2025-03-24 23:27:15.565 [http-nio-8090-exec-1][WARN] o.s.w.s.PageNotFound - No endpoint GET /favicon.ico. 
2025-03-24 23:27:16.943 [http-nio-8090-exec-2][INFO] k.c.i.d.s.c.BootStrapController - mainView---start 
2025-03-24 23:27:17.737 [http-nio-8090-exec-2][WARN] o.t.s.p.StandardIncludeTagProcessor - [THYMELEAF][http-nio-8090-exec-2][common/layouts/bs_layout] Deprecated attribute {th:include,data-th-include} found in template common/layouts/bs_layout, line 6, col 12. Please use {th:insert,data-th-insert} instead, this deprecated attribute will be removed in future versions of Thymeleaf. 
2025-03-24 23:27:17.755 [http-nio-8090-exec-2][WARN] o.t.s.p.StandardIncludeTagProcessor - [THYMELEAF][http-nio-8090-exec-2][common/layouts/bs_layout] Deprecated attribute {th:include,data-th-include} found in template common/layouts/bs_layout, line 15, col 8. Please use {th:insert,data-th-insert} instead, this deprecated attribute will be removed in future versions of Thymeleaf. 
2025-03-24 23:27:17.768 [http-nio-8090-exec-2][WARN] o.t.s.p.StandardIncludeTagProcessor - [THYMELEAF][http-nio-8090-exec-2][common/layouts/bs_layout] Deprecated attribute {th:include,data-th-include} found in template common/layouts/bs_layout, line 19, col 10. Please use {th:insert,data-th-insert} instead, this deprecated attribute will be removed in future versions of Thymeleaf. 
2025-03-24 23:27:17.797 [http-nio-8090-exec-2][WARN] o.t.s.p.StandardIncludeTagProcessor - [THYMELEAF][http-nio-8090-exec-2][common/layouts/bs_layout] Deprecated attribute {th:include,data-th-include} found in template common/layouts/bs_layout, line 28, col 10. Please use {th:insert,data-th-insert} instead, this deprecated attribute will be removed in future versions of Thymeleaf. 
2025-03-24 23:27:17.803 [http-nio-8090-exec-2][WARN] o.t.s.p.StandardIncludeTagProcessor - [THYMELEAF][http-nio-8090-exec-2][common/layouts/bs_layout] Deprecated attribute {th:include,data-th-include} found in template common/layouts/bs_layout, line 34, col 13. Please use {th:insert,data-th-insert} instead, this deprecated attribute will be removed in future versions of Thymeleaf. 
2025-03-24 23:27:19.179 [http-nio-8090-exec-6][INFO] k.c.i.d.o.c.OrderController - orderMain---start 
2025-03-24 23:27:19.179 [http-nio-8090-exec-6][INFO] k.c.i.d.o.s.OrderService - getClientList---start 
2025-03-24 23:27:19.403 [http-nio-8090-exec-6][ERROR] o.a.c.c.C.[.[.[.[dispatcherServlet] - Servlet.service() for servlet [dispatcherServlet] in context with path [] threw exception [Request processing failed: org.springframework.jdbc.BadSqlGrammarException: 
### Error querying database.  Cause: java.sql.SQLSyntaxErrorException: Table 'packtory.t_client' doesn't exist
### The error may exist in file [C:\Users\bbora\git\packtory_\bin\main\kr\co\itwillbs\de\mybatis\mapper\OrderMapper.xml]
### The error may involve defaultParameterMap
### The error occurred while setting parameters
### SQL: SELECT        code,   company_name,   owner_name,   company_category,   company_subject,   phone_number,   e_mail,   fax_number,   address1,   address2,   credit_limit,   is_deleted,   memo,   status,   status_message,   reg_id,   reg_date,   mod_id,   mod_date        FROM t_client
### Cause: java.sql.SQLSyntaxErrorException: Table 'packtory.t_client' doesn't exist
; bad SQL grammar []] with root cause 
java.sql.SQLSyntaxErrorException: Table 'packtory.t_client' doesn't exist
	at com.mysql.cj.jdbc.exceptions.SQLError.createSQLException(SQLError.java:120)
	at com.mysql.cj.jdbc.exceptions.SQLExceptionsMapping.translateException(SQLExceptionsMapping.java:122)
	at com.mysql.cj.jdbc.ClientPreparedStatement.executeInternal(ClientPreparedStatement.java:916)
	at com.mysql.cj.jdbc.ClientPreparedStatement.execute(ClientPreparedStatement.java:354)
	at com.zaxxer.hikari.pool.ProxyPreparedStatement.execute(ProxyPreparedStatement.java:44)
	at com.zaxxer.hikari.pool.HikariProxyPreparedStatement.execute(HikariProxyPreparedStatement.java)
	at org.apache.ibatis.executor.statement.PreparedStatementHandler.query(PreparedStatementHandler.java:65)
	at org.apache.ibatis.executor.statement.RoutingStatementHandler.query(RoutingStatementHandler.java:80)
	at org.apache.ibatis.executor.SimpleExecutor.doQuery(SimpleExecutor.java:65)
	at org.apache.ibatis.executor.BaseExecutor.queryFromDatabase(BaseExecutor.java:336)
	at org.apache.ibatis.executor.BaseExecutor.query(BaseExecutor.java:158)
	at org.apache.ibatis.executor.CachingExecutor.query(CachingExecutor.java:110)
	at org.apache.ibatis.executor.CachingExecutor.query(CachingExecutor.java:90)
	at org.apache.ibatis.session.defaults.DefaultSqlSession.selectList(DefaultSqlSession.java:154)
	at org.apache.ibatis.session.defaults.DefaultSqlSession.selectList(DefaultSqlSession.java:147)
	at org.apache.ibatis.session.defaults.DefaultSqlSession.selectList(DefaultSqlSession.java:142)
	at java.base/jdk.internal.reflect.DirectMethodHandleAccessor.invoke(DirectMethodHandleAccessor.java:103)
	at java.base/java.lang.reflect.Method.invoke(Method.java:580)
	at org.mybatis.spring.SqlSessionTemplate$SqlSessionInterceptor.invoke(SqlSessionTemplate.java:333)
	at jdk.proxy2/jdk.proxy2.$Proxy136.selectList(Unknown Source)
	at org.mybatis.spring.SqlSessionTemplate.selectList(SqlSessionTemplate.java:194)
	at org.apache.ibatis.binding.MapperMethod.executeForMany(MapperMethod.java:147)
	at org.apache.ibatis.binding.MapperMethod.execute(MapperMethod.java:80)
	at org.apache.ibatis.binding.MapperProxy$PlainMethodInvoker.invoke(MapperProxy.java:141)
	at org.apache.ibatis.binding.MapperProxy.invoke(MapperProxy.java:86)
	at jdk.proxy4/jdk.proxy4.$Proxy148.getClientList(Unknown Source)
	at kr.co.itwillbs.de.orders.service.OrderService.getClientList(OrderService.java:28)
	at kr.co.itwillbs.de.orders.controller.OrderController.orderMain(OrderController.java:30)
	at java.base/jdk.internal.reflect.DirectMethodHandleAccessor.invoke(DirectMethodHandleAccessor.java:103)
	at java.base/java.lang.reflect.Method.invoke(Method.java:580)
	at org.springframework.web.method.support.InvocableHandlerMethod.doInvoke(InvocableHandlerMethod.java:257)
	at org.springframework.web.method.support.InvocableHandlerMethod.invokeForRequest(InvocableHandlerMethod.java:190)
	at org.springframework.web.servlet.mvc.method.annotation.ServletInvocableHandlerMethod.invokeAndHandle(ServletInvocableHandlerMethod.java:118)
	at org.springframework.web.servlet.mvc.method.annotation.RequestMappingHandlerAdapter.invokeHandlerMethod(RequestMappingHandlerAdapter.java:986)
	at org.springframework.web.servlet.mvc.method.annotation.RequestMappingHandlerAdapter.handleInternal(RequestMappingHandlerAdapter.java:891)
	at org.springframework.web.servlet.mvc.method.AbstractHandlerMethodAdapter.handle(AbstractHandlerMethodAdapter.java:87)
	at org.springframework.web.servlet.DispatcherServlet.doDispatch(DispatcherServlet.java:1088)
	at org.springframework.web.servlet.DispatcherServlet.doService(DispatcherServlet.java:978)
	at org.springframework.web.servlet.FrameworkServlet.processRequest(FrameworkServlet.java:1014)
	at org.springframework.web.servlet.FrameworkServlet.doGet(FrameworkServlet.java:903)
	at jakarta.servlet.http.HttpServlet.service(HttpServlet.java:564)
	at org.springframework.web.servlet.FrameworkServlet.service(FrameworkServlet.java:885)
	at jakarta.servlet.http.HttpServlet.service(HttpServlet.java:658)
	at org.apache.catalina.core.ApplicationFilterChain.internalDoFilter(ApplicationFilterChain.java:195)
	at org.apache.catalina.core.ApplicationFilterChain.doFilter(ApplicationFilterChain.java:140)
	at org.apache.tomcat.websocket.server.WsFilter.doFilter(WsFilter.java:51)
	at org.apache.catalina.core.ApplicationFilterChain.internalDoFilter(ApplicationFilterChain.java:164)
	at org.apache.catalina.core.ApplicationFilterChain.doFilter(ApplicationFilterChain.java:140)
	at org.springframework.web.filter.HiddenHttpMethodFilter.doFilterInternal(HiddenHttpMethodFilter.java:91)
	at org.springframework.web.filter.OncePerRequestFilter.doFilter(OncePerRequestFilter.java:116)
	at org.apache.catalina.core.ApplicationFilterChain.internalDoFilter(ApplicationFilterChain.java:164)
	at org.apache.catalina.core.ApplicationFilterChain.doFilter(ApplicationFilterChain.java:140)
	at org.springframework.web.filter.CharacterEncodingFilter.doFilterInternal(CharacterEncodingFilter.java:201)
	at org.springframework.web.filter.OncePerRequestFilter.doFilter(OncePerRequestFilter.java:116)
	at org.apache.catalina.core.ApplicationFilterChain.internalDoFilter(ApplicationFilterChain.java:164)
	at org.apache.catalina.core.ApplicationFilterChain.doFilter(ApplicationFilterChain.java:140)
	at org.apache.catalina.core.StandardWrapperValve.invoke(StandardWrapperValve.java:167)
	at org.apache.catalina.core.StandardContextValve.invoke(StandardContextValve.java:90)
	at org.apache.catalina.authenticator.AuthenticatorBase.invoke(AuthenticatorBase.java:483)
	at org.apache.catalina.core.StandardHostValve.invoke(StandardHostValve.java:115)
	at org.apache.catalina.valves.ErrorReportValve.invoke(ErrorReportValve.java:93)
	at org.apache.catalina.core.StandardEngineValve.invoke(StandardEngineValve.java:74)
	at org.apache.catalina.connector.CoyoteAdapter.service(CoyoteAdapter.java:344)
	at org.apache.coyote.http11.Http11Processor.service(Http11Processor.java:397)
	at org.apache.coyote.AbstractProcessorLight.process(AbstractProcessorLight.java:63)
	at org.apache.coyote.AbstractProtocol$ConnectionHandler.process(AbstractProtocol.java:905)
	at org.apache.tomcat.util.net.NioEndpoint$SocketProcessor.doRun(NioEndpoint.java:1743)
	at org.apache.tomcat.util.net.SocketProcessorBase.run(SocketProcessorBase.java:52)
	at org.apache.tomcat.util.threads.ThreadPoolExecutor.runWorker(ThreadPoolExecutor.java:1190)
	at org.apache.tomcat.util.threads.ThreadPoolExecutor$Worker.run(ThreadPoolExecutor.java:659)
	at org.apache.tomcat.util.threads.TaskThread$WrappingRunnable.run(TaskThread.java:63)
	at java.base/java.lang.Thread.run(Thread.java:1583)
2025-03-24 23:27:22.038 [http-nio-8090-exec-7][INFO] k.c.i.d.c.c.CommuteController - getCommuteList---start 
2025-03-24 23:27:22.162 [http-nio-8090-exec-7][DEBUG] o.h.SQL - 
    select
        c1_0.idx,
        c1_0.employee_id,
        c1_0.reg_date,
        c1_0.work_status_code 
    from
        t_commute c1_0 
2025-03-24 23:27:22.162 [http-nio-8090-exec-7][DEBUG] o.h.SQL - 
    select
        c1_0.idx,
        c1_0.employee_id,
        c1_0.reg_date,
        c1_0.work_status_code 
    from
        t_commute c1_0 
2025-03-24 23:27:22.213 [http-nio-8090-exec-7][DEBUG] o.h.SQL - 
    select
        c1_0.idx,
        c1_0.employee_id,
        c1_0.reg_date,
        c1_0.work_status_code 
    from
        t_commute c1_0 
2025-03-24 23:27:22.213 [http-nio-8090-exec-7][DEBUG] o.h.SQL - 
    select
        c1_0.idx,
        c1_0.employee_id,
        c1_0.reg_date,
        c1_0.work_status_code 
    from
        t_commute c1_0 
2025-03-24 23:27:22.260 [http-nio-8090-exec-7][WARN] o.t.s.p.StandardIncludeTagProcessor - [THYMELEAF][http-nio-8090-exec-7][common/layouts/bs_layout] Deprecated attribute {th:include,data-th-include} found in template common/layouts/bs_layout, line 6, col 12. Please use {th:insert,data-th-insert} instead, this deprecated attribute will be removed in future versions of Thymeleaf. 
2025-03-24 23:27:22.267 [http-nio-8090-exec-7][WARN] o.t.s.p.StandardIncludeTagProcessor - [THYMELEAF][http-nio-8090-exec-7][common/layouts/bs_layout] Deprecated attribute {th:include,data-th-include} found in template common/layouts/bs_layout, line 15, col 8. Please use {th:insert,data-th-insert} instead, this deprecated attribute will be removed in future versions of Thymeleaf. 
2025-03-24 23:27:22.279 [http-nio-8090-exec-7][WARN] o.t.s.p.StandardIncludeTagProcessor - [THYMELEAF][http-nio-8090-exec-7][common/layouts/bs_layout] Deprecated attribute {th:include,data-th-include} found in template common/layouts/bs_layout, line 19, col 10. Please use {th:insert,data-th-insert} instead, this deprecated attribute will be removed in future versions of Thymeleaf. 
2025-03-24 23:27:22.333 [http-nio-8090-exec-7][WARN] o.t.s.p.StandardIncludeTagProcessor - [THYMELEAF][http-nio-8090-exec-7][common/layouts/bs_layout] Deprecated attribute {th:include,data-th-include} found in template common/layouts/bs_layout, line 28, col 10. Please use {th:insert,data-th-insert} instead, this deprecated attribute will be removed in future versions of Thymeleaf. 
2025-03-24 23:27:22.335 [http-nio-8090-exec-7][WARN] o.t.s.p.StandardIncludeTagProcessor - [THYMELEAF][http-nio-8090-exec-7][common/layouts/bs_layout] Deprecated attribute {th:include,data-th-include} found in template common/layouts/bs_layout, line 34, col 13. Please use {th:insert,data-th-insert} instead, this deprecated attribute will be removed in future versions of Thymeleaf. 
2025-03-24 23:27:29.009 [http-nio-8090-exec-5][INFO] k.c.i.d.a.c.ApprovalController - getSampleList---start 
2025-03-24 23:27:29.078 [http-nio-8090-exec-5][WARN] o.t.s.p.StandardIncludeTagProcessor - [THYMELEAF][http-nio-8090-exec-5][common/layouts/de_layout] Deprecated attribute {th:include,data-th-include} found in template common/layouts/de_layout, line 6, col 12. Please use {th:insert,data-th-insert} instead, this deprecated attribute will be removed in future versions of Thymeleaf. 
2025-03-24 23:27:29.093 [http-nio-8090-exec-5][WARN] o.t.s.p.StandardIncludeTagProcessor - [THYMELEAF][http-nio-8090-exec-5][common/layouts/de_layout] Deprecated attribute {th:include,data-th-include} found in template common/layouts/de_layout, line 24, col 6. Please use {th:insert,data-th-insert} instead, this deprecated attribute will be removed in future versions of Thymeleaf. 
2025-03-24 23:27:29.101 [http-nio-8090-exec-5][WARN] o.t.s.p.StandardIncludeTagProcessor - [THYMELEAF][http-nio-8090-exec-5][common/layouts/de_layout] Deprecated attribute {th:include,data-th-include} found in template common/layouts/de_layout, line 33, col 10. Please use {th:insert,data-th-insert} instead, this deprecated attribute will be removed in future versions of Thymeleaf. 
2025-03-24 23:27:29.108 [http-nio-8090-exec-5][WARN] o.t.s.p.StandardIncludeTagProcessor - [THYMELEAF][http-nio-8090-exec-5][common/layouts/de_layout] Deprecated attribute {th:include,data-th-include} found in template common/layouts/de_layout, line 38, col 43. Please use {th:insert,data-th-insert} instead, this deprecated attribute will be removed in future versions of Thymeleaf. 
2025-03-24 23:27:29.482 [http-nio-8090-exec-3][WARN] o.s.w.s.PageNotFound - No mapping for POST /ApprovalList 
2025-03-24 23:27:29.483 [http-nio-8090-exec-3][WARN] o.s.w.s.PageNotFound - No endpoint POST /ApprovalList. 
