2025-03-21 03:15:01.837 [http-nio-8080-exec-8][INFO] k.c.i.d.s.c.SampleController - getSampleList---start 
2025-03-21 03:15:01.839 [http-nio-8080-exec-8][INFO] k.c.i.d.s.s.SampleService - getSampleList---start 
2025-03-21 03:15:01.855 [http-nio-8080-exec-8][WARN] o.t.s.p.StandardIncludeTagProcessor - [THYMELEAF][http-nio-8080-exec-8][common/layouts/sample_layout] Deprecated attribute {th:include,data-th-include} found in template common/layouts/sample_layout, line 7, col 11. Please use {th:insert,data-th-insert} instead, this deprecated attribute will be removed in future versions of Thymeleaf. 
2025-03-21 03:15:01.857 [http-nio-8080-exec-8][WARN] o.t.s.p.StandardIncludeTagProcessor - [THYMELEAF][http-nio-8080-exec-8][common/layouts/sample_layout] Deprecated attribute {th:include,data-th-include} found in template common/layouts/sample_layout, line 8, col 11. Please use {th:insert,data-th-insert} instead, this deprecated attribute will be removed in future versions of Thymeleaf. 
2025-03-21 03:15:04.438 [http-nio-8080-exec-9][INFO] k.c.i.d.s.c.SampleController - getSample---start 
2025-03-21 03:15:04.438 [http-nio-8080-exec-9][INFO] k.c.i.d.c.u.CommonUtils - isLongValue---start 
2025-03-21 03:15:04.439 [http-nio-8080-exec-9][INFO] k.c.i.d.s.s.SampleService - getSample---start 
2025-03-21 03:15:04.440 [http-nio-8080-exec-9][INFO] k.c.i.d.s.s.SampleService - modifySample---start 
2025-03-21 03:15:04.440 [http-nio-8080-exec-9][INFO] k.c.i.d.s.s.SampleService - affectedRow is 1 
2025-03-21 03:15:04.455 [http-nio-8080-exec-9][WARN] o.t.s.p.StandardIncludeTagProcessor - [THYMELEAF][http-nio-8080-exec-9][common/layouts/sample_layout] Deprecated attribute {th:include,data-th-include} found in template common/layouts/sample_layout, line 7, col 11. Please use {th:insert,data-th-insert} instead, this deprecated attribute will be removed in future versions of Thymeleaf. 
2025-03-21 03:15:04.456 [http-nio-8080-exec-9][WARN] o.t.s.p.StandardIncludeTagProcessor - [THYMELEAF][http-nio-8080-exec-9][common/layouts/sample_layout] Deprecated attribute {th:include,data-th-include} found in template common/layouts/sample_layout, line 8, col 11. Please use {th:insert,data-th-insert} instead, this deprecated attribute will be removed in future versions of Thymeleaf. 
2025-03-21 03:15:06.940 [http-nio-8080-exec-10][INFO] k.c.i.d.c.u.CommonUtils - isLongValue---start 
2025-03-21 03:15:06.940 [http-nio-8080-exec-10][INFO] k.c.i.d.s.s.SampleService - removeItem---start 
2025-03-21 03:15:06.940 [http-nio-8080-exec-10][INFO] k.c.i.d.s.s.SampleService - affectedRow is 1 
2025-03-21 03:15:07.759 [http-nio-8080-exec-1][INFO] k.c.i.d.s.c.SampleController - getSampleList---start 
2025-03-21 03:15:07.760 [http-nio-8080-exec-1][INFO] k.c.i.d.s.s.SampleService - getSampleList---start 
2025-03-21 03:15:07.775 [http-nio-8080-exec-1][WARN] o.t.s.p.StandardIncludeTagProcessor - [THYMELEAF][http-nio-8080-exec-1][common/layouts/sample_layout] Deprecated attribute {th:include,data-th-include} found in template common/layouts/sample_layout, line 7, col 11. Please use {th:insert,data-th-insert} instead, this deprecated attribute will be removed in future versions of Thymeleaf. 
2025-03-21 03:15:07.776 [http-nio-8080-exec-1][WARN] o.t.s.p.StandardIncludeTagProcessor - [THYMELEAF][http-nio-8080-exec-1][common/layouts/sample_layout] Deprecated attribute {th:include,data-th-include} found in template common/layouts/sample_layout, line 8, col 11. Please use {th:insert,data-th-insert} instead, this deprecated attribute will be removed in future versions of Thymeleaf. 
2025-03-21 03:15:09.598 [http-nio-8080-exec-2][INFO] k.c.i.d.s.c.SampleController - getSample---start 
2025-03-21 03:15:09.598 [http-nio-8080-exec-2][INFO] k.c.i.d.c.u.CommonUtils - isLongValue---start 
2025-03-21 03:15:09.599 [http-nio-8080-exec-2][INFO] k.c.i.d.s.s.SampleService - getSample---start 
2025-03-21 03:15:09.600 [http-nio-8080-exec-2][INFO] k.c.i.d.s.s.SampleService - modifySample---start 
2025-03-21 03:15:09.600 [http-nio-8080-exec-2][INFO] k.c.i.d.s.s.SampleService - affectedRow is 1 
2025-03-21 03:15:09.613 [http-nio-8080-exec-2][WARN] o.t.s.p.StandardIncludeTagProcessor - [THYMELEAF][http-nio-8080-exec-2][common/layouts/sample_layout] Deprecated attribute {th:include,data-th-include} found in template common/layouts/sample_layout, line 7, col 11. Please use {th:insert,data-th-insert} instead, this deprecated attribute will be removed in future versions of Thymeleaf. 
2025-03-21 03:15:09.614 [http-nio-8080-exec-2][WARN] o.t.s.p.StandardIncludeTagProcessor - [THYMELEAF][http-nio-8080-exec-2][common/layouts/sample_layout] Deprecated attribute {th:include,data-th-include} found in template common/layouts/sample_layout, line 8, col 11. Please use {th:insert,data-th-insert} instead, this deprecated attribute will be removed in future versions of Thymeleaf. 
